[    1928ms] [VERBOSE] [DOM] Input elements should have autocomplete attributes (suggested: "new-password"): (More info: https://goo.gl/9p2vKq) %o @ https://ru.dltv.org/matches/426307/team-lynx-vs-south-america-rejects-dreamleague-division-2-season-4:0
[    1928ms] [VERBOSE] [DOM] Input elements should have autocomplete attributes (suggested: "new-password"): (More info: https://goo.gl/9p2vKq) %o @ https://ru.dltv.org/matches/426307/team-lynx-vs-south-america-rejects-dreamleague-division-2-season-4:0
[    1928ms] [VERBOSE] [DOM] Input elements should have autocomplete attributes (suggested: "current-password"): (More info: https://goo.gl/9p2vKq) %o @ https://ru.dltv.org/matches/426307/team-lynx-vs-south-america-rejects-dreamleague-division-2-season-4:0
[    1928ms] [VERBOSE] [DOM] Input elements should have autocomplete attributes (suggested: "new-password"): (More info: https://goo.gl/9p2vKq) %o @ https://ru.dltv.org/matches/426307/team-lynx-vs-south-america-rejects-dreamleague-division-2-season-4:0
[    1928ms] [VERBOSE] [DOM] Input elements should have autocomplete attributes (suggested: "new-password"): (More info: https://goo.gl/9p2vKq) %o @ https://ru.dltv.org/matches/426307/team-lynx-vs-south-america-rejects-dreamleague-division-2-season-4:0
[    1933ms] [LOG] {country_id: 151, paris: Array(6), gifts: Array(1), platforms: Array(3), socials: Array(10)} @ https://ru.dltv.org/app.js?t=1776941343333:1
[    2096ms] [ERROR] Failed to load resource: the server responded with a status of 404 () @ https://ru.dltv.org/b/83.html:0
[    3506ms] [LOG] {match_id: 8789702838, radiant_match_nw: 1, radiant_score: 9, dire_score: 1, first_blood: radiant} @ https://ru.dltv.org/matches/426307/team-lynx-vs-south-america-rejects-dreamleague-division-2-season-4:5915
[    9556ms] [LOG] {match_id: 8789702838, radiant_match_nw: 1, radiant_score: 9, dire_score: 1, first_blood: radiant} @ https://ru.dltv.org/matches/426307/team-lynx-vs-south-america-rejects-dreamleague-division-2-season-4:5915
[   13557ms] [LOG] {match_id: 8789702838, radiant_match_nw: 1, radiant_score: 9, dire_score: 1, first_blood: radiant} @ https://ru.dltv.org/matches/426307/team-lynx-vs-south-america-rejects-dreamleague-division-2-season-4:5915
[   18031ms] [LOG] {match_id: 8789702838, radiant_match_nw: 1, radiant_score: 9, dire_score: 1, first_blood: radiant} @ https://ru.dltv.org/matches/426307/team-lynx-vs-south-america-rejects-dreamleague-division-2-season-4:5915
[   19456ms] [LOG] {match_id: 8789702838, radiant_match_nw: 1, radiant_score: 11, dire_score: 2, first_blood: radiant} @ https://ru.dltv.org/matches/426307/team-lynx-vs-south-america-rejects-dreamleague-division-2-season-4:5915
[   23701ms] [LOG] {match_id: 8789702838, radiant_match_nw: 1, radiant_score: 11, dire_score: 2, first_blood: radiant} @ https://ru.dltv.org/matches/426307/team-lynx-vs-south-america-rejects-dreamleague-division-2-season-4:5915
[   27754ms] [LOG] {match_id: 8789702838, radiant_match_nw: 1, radiant_score: 11, dire_score: 2, first_blood: radiant} @ https://ru.dltv.org/matches/426307/team-lynx-vs-south-america-rejects-dreamleague-division-2-season-4:5915
[   31365ms] [LOG] {match_id: 8789702838, radiant_match_nw: 1, radiant_score: 11, dire_score: 2, first_blood: radiant} @ https://ru.dltv.org/matches/426307/team-lynx-vs-south-america-rejects-dreamleague-division-2-season-4:5915
[   37407ms] [LOG] {match_id: 8789702838, radiant_match_nw: 1, radiant_score: 11, dire_score: 2, first_blood: radiant} @ https://ru.dltv.org/matches/426307/team-lynx-vs-south-america-rejects-dreamleague-division-2-season-4:5915
[   41408ms] [LOG] {match_id: 8789702838, radiant_match_nw: 1, radiant_score: 11, dire_score: 2, first_blood: radiant} @ https://ru.dltv.org/matches/426307/team-lynx-vs-south-america-rejects-dreamleague-division-2-season-4:5915
[   46408ms] [LOG] {match_id: 8789702838, radiant_match_nw: 1, radiant_score: 11, dire_score: 2, first_blood: radiant} @ https://ru.dltv.org/matches/426307/team-lynx-vs-south-america-rejects-dreamleague-division-2-season-4:5915
[   50598ms] [LOG] {match_id: 8789702838, radiant_match_nw: 1, radiant_score: 11, dire_score: 2, first_blood: radiant} @ https://ru.dltv.org/matches/426307/team-lynx-vs-south-america-rejects-dreamleague-division-2-season-4:5915
[   54616ms] [LOG] {match_id: 8789702838, radiant_match_nw: 1, radiant_score: 11, dire_score: 2, first_blood: radiant} @ https://ru.dltv.org/matches/426307/team-lynx-vs-south-america-rejects-dreamleague-division-2-season-4:5915
[   60767ms] [LOG] {match_id: 8789702838, radiant_match_nw: 1, radiant_score: 11, dire_score: 2, first_blood: radiant} @ https://ru.dltv.org/matches/426307/team-lynx-vs-south-america-rejects-dreamleague-division-2-season-4:5915
[   65589ms] [LOG] {match_id: 8789702838, radiant_match_nw: 1, radiant_score: 11, dire_score: 2, first_blood: radiant} @ https://ru.dltv.org/matches/426307/team-lynx-vs-south-america-rejects-dreamleague-division-2-season-4:5915
[   69302ms] [LOG] {match_id: 8789702838, radiant_match_nw: 1, radiant_score: 11, dire_score: 2, first_blood: radiant} @ https://ru.dltv.org/matches/426307/team-lynx-vs-south-america-rejects-dreamleague-division-2-season-4:5915
[   73776ms] [LOG] {match_id: 8789702838, radiant_match_nw: 1, radiant_score: 11, dire_score: 2, first_blood: radiant} @ https://ru.dltv.org/matches/426307/team-lynx-vs-south-america-rejects-dreamleague-division-2-season-4:5915
[   78539ms] [LOG] {match_id: 8789702838, radiant_match_nw: 1, radiant_score: 11, dire_score: 2, first_blood: radiant} @ https://ru.dltv.org/matches/426307/team-lynx-vs-south-america-rejects-dreamleague-division-2-season-4:5915
[   80369ms] [LOG] {match_id: 8789702838, radiant_match_nw: 1, radiant_score: 12, dire_score: 2, first_blood: radiant} @ https://ru.dltv.org/matches/426307/team-lynx-vs-south-america-rejects-dreamleague-division-2-season-4:5915
[   83108ms] [LOG] {match_id: 8789702838, radiant_match_nw: 1, radiant_score: 12, dire_score: 2, first_blood: radiant} @ https://ru.dltv.org/matches/426307/team-lynx-vs-south-america-rejects-dreamleague-division-2-season-4:5915
[   88526ms] [LOG] {match_id: 8789702838, radiant_match_nw: 1, radiant_score: 12, dire_score: 2, first_blood: radiant} @ https://ru.dltv.org/matches/426307/team-lynx-vs-south-america-rejects-dreamleague-division-2-season-4:5915
[   93006ms] [LOG] {match_id: 8789702838, radiant_match_nw: 1, radiant_score: 12, dire_score: 2, first_blood: radiant} @ https://ru.dltv.org/matches/426307/team-lynx-vs-south-america-rejects-dreamleague-division-2-season-4:5915
[   98539ms] [LOG] {match_id: 8789702838, radiant_match_nw: 1, radiant_score: 12, dire_score: 2, first_blood: radiant} @ https://ru.dltv.org/matches/426307/team-lynx-vs-south-america-rejects-dreamleague-division-2-season-4:5915
[  102517ms] [LOG] {match_id: 8789702838, radiant_match_nw: 1, radiant_score: 12, dire_score: 2, first_blood: radiant} @ https://ru.dltv.org/matches/426307/team-lynx-vs-south-america-rejects-dreamleague-division-2-season-4:5915
[  107131ms] [LOG] {match_id: 8789702838, radiant_match_nw: 1, radiant_score: 12, dire_score: 2, first_blood: radiant} @ https://ru.dltv.org/matches/426307/team-lynx-vs-south-america-rejects-dreamleague-division-2-season-4:5915
[  110642ms] [LOG] {match_id: 8789702838, radiant_match_nw: 1, radiant_score: 12, dire_score: 2, first_blood: radiant} @ https://ru.dltv.org/matches/426307/team-lynx-vs-south-america-rejects-dreamleague-division-2-season-4:5915
[  116683ms] [LOG] {match_id: 8789702838, radiant_match_nw: 1, radiant_score: 12, dire_score: 2, first_blood: radiant} @ https://ru.dltv.org/matches/426307/team-lynx-vs-south-america-rejects-dreamleague-division-2-season-4:5915
[  120681ms] [LOG] {match_id: 8789702838, radiant_match_nw: 1, radiant_score: 12, dire_score: 2, first_blood: radiant} @ https://ru.dltv.org/matches/426307/team-lynx-vs-south-america-rejects-dreamleague-division-2-season-4:5915
[  125342ms] [LOG] {match_id: 8789702838, radiant_match_nw: 1, radiant_score: 12, dire_score: 2, first_blood: radiant} @ https://ru.dltv.org/matches/426307/team-lynx-vs-south-america-rejects-dreamleague-division-2-season-4:5915
[  129853ms] [LOG] {match_id: 8789702838, radiant_match_nw: 1, radiant_score: 12, dire_score: 2, first_blood: radiant} @ https://ru.dltv.org/matches/426307/team-lynx-vs-south-america-rejects-dreamleague-division-2-season-4:5915
[  134933ms] [LOG] {match_id: 8789702838, radiant_match_nw: 1, radiant_score: 12, dire_score: 2, first_blood: radiant} @ https://ru.dltv.org/matches/426307/team-lynx-vs-south-america-rejects-dreamleague-division-2-season-4:5915
[  139323ms] [LOG] {match_id: 8789702838, radiant_match_nw: 1, radiant_score: 12, dire_score: 3, first_blood: radiant} @ https://ru.dltv.org/matches/426307/team-lynx-vs-south-america-rejects-dreamleague-division-2-season-4:5915
[  145006ms] [LOG] {match_id: 8789702838, radiant_match_nw: 1, radiant_score: 12, dire_score: 3, first_blood: radiant} @ https://ru.dltv.org/matches/426307/team-lynx-vs-south-america-rejects-dreamleague-division-2-season-4:5915
[  148352ms] [LOG] {match_id: 8789702838, radiant_match_nw: 1, radiant_score: 12, dire_score: 3, first_blood: radiant} @ https://ru.dltv.org/matches/426307/team-lynx-vs-south-america-rejects-dreamleague-division-2-season-4:5915
[  153385ms] [LOG] {match_id: 8789702838, radiant_match_nw: 1, radiant_score: 12, dire_score: 3, first_blood: radiant} @ https://ru.dltv.org/matches/426307/team-lynx-vs-south-america-rejects-dreamleague-division-2-season-4:5915
[  158015ms] [LOG] {match_id: 8789702838, radiant_match_nw: 1, radiant_score: 12, dire_score: 3, first_blood: radiant} @ https://ru.dltv.org/matches/426307/team-lynx-vs-south-america-rejects-dreamleague-division-2-season-4:5915
[  162012ms] [LOG] {match_id: 8789702838, radiant_match_nw: 1, radiant_score: 12, dire_score: 3, first_blood: radiant} @ https://ru.dltv.org/matches/426307/team-lynx-vs-south-america-rejects-dreamleague-division-2-season-4:5915
[  167537ms] [LOG] {match_id: 8789702838, radiant_match_nw: 1, radiant_score: 12, dire_score: 3, first_blood: radiant} @ https://ru.dltv.org/matches/426307/team-lynx-vs-south-america-rejects-dreamleague-division-2-season-4:5915
[  172513ms] [LOG] {match_id: 8789702838, radiant_match_nw: 1, radiant_score: 12, dire_score: 3, first_blood: radiant} @ https://ru.dltv.org/matches/426307/team-lynx-vs-south-america-rejects-dreamleague-division-2-season-4:5915
[  176564ms] [LOG] {match_id: 8789702838, radiant_match_nw: 1, radiant_score: 12, dire_score: 3, first_blood: radiant} @ https://ru.dltv.org/matches/426307/team-lynx-vs-south-america-rejects-dreamleague-division-2-season-4:5915
[  182542ms] [LOG] {match_id: 8789702838, radiant_match_nw: 1, radiant_score: 12, dire_score: 3, first_blood: radiant} @ https://ru.dltv.org/matches/426307/team-lynx-vs-south-america-rejects-dreamleague-division-2-season-4:5915
[  186021ms] [LOG] {match_id: 8789702838, radiant_match_nw: 1, radiant_score: 12, dire_score: 3, first_blood: radiant} @ https://ru.dltv.org/matches/426307/team-lynx-vs-south-america-rejects-dreamleague-division-2-season-4:5915
[  191556ms] [LOG] {match_id: 8789702838, radiant_match_nw: 1, radiant_score: 12, dire_score: 3, first_blood: radiant} @ https://ru.dltv.org/matches/426307/team-lynx-vs-south-america-rejects-dreamleague-division-2-season-4:5915
[  195615ms] [LOG] {match_id: 8789702838, radiant_match_nw: 1, radiant_score: 12, dire_score: 3, first_blood: radiant} @ https://ru.dltv.org/matches/426307/team-lynx-vs-south-america-rejects-dreamleague-division-2-season-4:5915
[  200195ms] [LOG] {match_id: 8789702838, radiant_match_nw: 1, radiant_score: 12, dire_score: 3, first_blood: radiant} @ https://ru.dltv.org/matches/426307/team-lynx-vs-south-america-rejects-dreamleague-division-2-season-4:5915
[  201582ms] [LOG] {match_id: 8789702838, radiant_match_nw: 1, radiant_score: 12, dire_score: 3, first_blood: radiant} @ https://ru.dltv.org/matches/426307/team-lynx-vs-south-america-rejects-dreamleague-division-2-season-4:5915
[  203721ms] [LOG] {match_id: 8789702838, radiant_match_nw: 1, radiant_score: 12, dire_score: 3, first_blood: radiant} @ https://ru.dltv.org/matches/426307/team-lynx-vs-south-america-rejects-dreamleague-division-2-season-4:5915
[  208782ms] [LOG] {match_id: 8789702838, radiant_match_nw: 1, radiant_score: 12, dire_score: 3, first_blood: radiant} @ https://ru.dltv.org/matches/426307/team-lynx-vs-south-america-rejects-dreamleague-division-2-season-4:5915
[  214374ms] [LOG] {match_id: 8789702838, radiant_match_nw: 1, radiant_score: 13, dire_score: 3, first_blood: radiant} @ https://ru.dltv.org/matches/426307/team-lynx-vs-south-america-rejects-dreamleague-division-2-season-4:5915
[  219025ms] [LOG] {match_id: 8789702838, radiant_match_nw: 1, radiant_score: 13, dire_score: 3, first_blood: radiant} @ https://ru.dltv.org/matches/426307/team-lynx-vs-south-america-rejects-dreamleague-division-2-season-4:5915
[  222419ms] [LOG] {match_id: 8789702838, radiant_match_nw: 1, radiant_score: 13, dire_score: 3, first_blood: radiant} @ https://ru.dltv.org/matches/426307/team-lynx-vs-south-america-rejects-dreamleague-division-2-season-4:5915
[  228452ms] [LOG] {match_id: 8789702838, radiant_match_nw: 1, radiant_score: 13, dire_score: 3, first_blood: radiant} @ https://ru.dltv.org/matches/426307/team-lynx-vs-south-america-rejects-dreamleague-division-2-season-4:5915
[  232444ms] [LOG] {match_id: 8789702838, radiant_match_nw: 1, radiant_score: 13, dire_score: 3, first_blood: radiant} @ https://ru.dltv.org/matches/426307/team-lynx-vs-south-america-rejects-dreamleague-division-2-season-4:5915
[  236981ms] [LOG] {match_id: 8789702838, radiant_match_nw: 1, radiant_score: 13, dire_score: 3, first_blood: radiant} @ https://ru.dltv.org/matches/426307/team-lynx-vs-south-america-rejects-dreamleague-division-2-season-4:5915
[  242464ms] [LOG] {match_id: 8789702838, radiant_match_nw: 1, radiant_score: 13, dire_score: 3, first_blood: radiant} @ https://ru.dltv.org/matches/426307/team-lynx-vs-south-america-rejects-dreamleague-division-2-season-4:5915
[  246472ms] [LOG] {match_id: 8789702838, radiant_match_nw: 1, radiant_score: 13, dire_score: 3, first_blood: radiant} @ https://ru.dltv.org/matches/426307/team-lynx-vs-south-america-rejects-dreamleague-division-2-season-4:5915
[  250463ms] [LOG] {match_id: 8789702838, radiant_match_nw: 1, radiant_score: 13, dire_score: 3, first_blood: radiant} @ https://ru.dltv.org/matches/426307/team-lynx-vs-south-america-rejects-dreamleague-division-2-season-4:5915
[  256499ms] [LOG] {match_id: 8789702838, radiant_match_nw: 1, radiant_score: 13, dire_score: 3, first_blood: radiant} @ https://ru.dltv.org/matches/426307/team-lynx-vs-south-america-rejects-dreamleague-division-2-season-4:5915
[  260510ms] [LOG] {match_id: 8789702838, radiant_match_nw: 1, radiant_score: 13, dire_score: 3, first_blood: radiant} @ https://ru.dltv.org/matches/426307/team-lynx-vs-south-america-rejects-dreamleague-division-2-season-4:5915
[  265089ms] [LOG] {match_id: 8789702838, radiant_match_nw: 1, radiant_score: 13, dire_score: 3, first_blood: radiant} @ https://ru.dltv.org/matches/426307/team-lynx-vs-south-america-rejects-dreamleague-division-2-season-4:5915
[  270681ms] [LOG] {match_id: 8789702838, radiant_match_nw: 1, radiant_score: 13, dire_score: 3, first_blood: radiant} @ https://ru.dltv.org/matches/426307/team-lynx-vs-south-america-rejects-dreamleague-division-2-season-4:5915
[  274666ms] [LOG] {match_id: 8789702838, radiant_match_nw: 1, radiant_score: 13, dire_score: 5, first_blood: radiant} @ https://ru.dltv.org/matches/426307/team-lynx-vs-south-america-rejects-dreamleague-division-2-season-4:5915
[  279146ms] [LOG] {match_id: 8789702838, radiant_match_nw: 1, radiant_score: 13, dire_score: 5, first_blood: radiant} @ https://ru.dltv.org/matches/426307/team-lynx-vs-south-america-rejects-dreamleague-division-2-season-4:5915
[  284681ms] [LOG] {match_id: 8789702838, radiant_match_nw: 1, radiant_score: 13, dire_score: 5, first_blood: radiant} @ https://ru.dltv.org/matches/426307/team-lynx-vs-south-america-rejects-dreamleague-division-2-season-4:5915
[  288933ms] [LOG] {match_id: 8789702838, radiant_match_nw: 1, radiant_score: 13, dire_score: 5, first_blood: radiant} @ https://ru.dltv.org/matches/426307/team-lynx-vs-south-america-rejects-dreamleague-division-2-season-4:5915
[  293215ms] [LOG] {match_id: 8789702838, radiant_match_nw: 1, radiant_score: 13, dire_score: 5, first_blood: radiant} @ https://ru.dltv.org/matches/426307/team-lynx-vs-south-america-rejects-dreamleague-division-2-season-4:5915
[  298749ms] [LOG] {match_id: 8789702838, radiant_match_nw: 1, radiant_score: 13, dire_score: 5, first_blood: radiant} @ https://ru.dltv.org/matches/426307/team-lynx-vs-south-america-rejects-dreamleague-division-2-season-4:5915
[  303235ms] [LOG] {match_id: 8789702838, radiant_match_nw: 1, radiant_score: 13, dire_score: 5, first_blood: radiant} @ https://ru.dltv.org/matches/426307/team-lynx-vs-south-america-rejects-dreamleague-division-2-season-4:5915
[  307857ms] [LOG] {match_id: 8789702838, radiant_match_nw: 1, radiant_score: 13, dire_score: 5, first_blood: radiant} @ https://ru.dltv.org/matches/426307/team-lynx-vs-south-america-rejects-dreamleague-division-2-season-4:5915
[  312488ms] [LOG] {match_id: 8789702838, radiant_match_nw: 1, radiant_score: 13, dire_score: 5, first_blood: radiant} @ https://ru.dltv.org/matches/426307/team-lynx-vs-south-america-rejects-dreamleague-division-2-season-4:5915
[  317033ms] [LOG] {match_id: 8789702838, radiant_match_nw: 1, radiant_score: 13, dire_score: 5, first_blood: radiant} @ https://ru.dltv.org/matches/426307/team-lynx-vs-south-america-rejects-dreamleague-division-2-season-4:5915
[  321194ms] [LOG] {match_id: 8789702838, radiant_match_nw: 1, radiant_score: 13, dire_score: 5, first_blood: radiant} @ https://ru.dltv.org/matches/426307/team-lynx-vs-south-america-rejects-dreamleague-division-2-season-4:5915
[  326330ms] [LOG] {match_id: 8789702838, radiant_match_nw: 1, radiant_score: 13, dire_score: 5, first_blood: radiant} @ https://ru.dltv.org/matches/426307/team-lynx-vs-south-america-rejects-dreamleague-division-2-season-4:5915
[  330786ms] [LOG] {match_id: 8789702838, radiant_match_nw: 1, radiant_score: 13, dire_score: 5, first_blood: radiant} @ https://ru.dltv.org/matches/426307/team-lynx-vs-south-america-rejects-dreamleague-division-2-season-4:5915
[  335969ms] [LOG] {match_id: 8789702838, radiant_match_nw: 1, radiant_score: 13, dire_score: 5, first_blood: radiant} @ https://ru.dltv.org/matches/426307/team-lynx-vs-south-america-rejects-dreamleague-division-2-season-4:5915
[  339959ms] [LOG] {match_id: 8789702838, radiant_match_nw: 1, radiant_score: 13, dire_score: 5, first_blood: radiant} @ https://ru.dltv.org/matches/426307/team-lynx-vs-south-america-rejects-dreamleague-division-2-season-4:5915
[  345445ms] [LOG] {match_id: 8789702838, radiant_match_nw: 1, radiant_score: 13, dire_score: 5, first_blood: radiant} @ https://ru.dltv.org/matches/426307/team-lynx-vs-south-america-rejects-dreamleague-division-2-season-4:5915
[  349441ms] [LOG] {match_id: 8789702838, radiant_match_nw: 1, radiant_score: 13, dire_score: 5, first_blood: radiant} @ https://ru.dltv.org/matches/426307/team-lynx-vs-south-america-rejects-dreamleague-division-2-season-4:5915
[  354065ms] [LOG] {match_id: 8789702838, radiant_match_nw: 1, radiant_score: 13, dire_score: 5, first_blood: radiant} @ https://ru.dltv.org/matches/426307/team-lynx-vs-south-america-rejects-dreamleague-division-2-season-4:5915
[  359597ms] [LOG] {match_id: 8789702838, radiant_match_nw: 1, radiant_score: 13, dire_score: 5, first_blood: radiant} @ https://ru.dltv.org/matches/426307/team-lynx-vs-south-america-rejects-dreamleague-division-2-season-4:5915
[  363558ms] [LOG] {match_id: 8789702838, radiant_match_nw: 1, radiant_score: 13, dire_score: 5, first_blood: radiant} @ https://ru.dltv.org/matches/426307/team-lynx-vs-south-america-rejects-dreamleague-division-2-season-4:5915
[  368080ms] [LOG] {match_id: 8789702838, radiant_match_nw: 1, radiant_score: 13, dire_score: 5, first_blood: radiant} @ https://ru.dltv.org/matches/426307/team-lynx-vs-south-america-rejects-dreamleague-division-2-season-4:5915
[  373584ms] [LOG] {match_id: 8789702838, radiant_match_nw: 1, radiant_score: 13, dire_score: 5, first_blood: radiant} @ https://ru.dltv.org/matches/426307/team-lynx-vs-south-america-rejects-dreamleague-division-2-season-4:5915
[  377590ms] [LOG] {match_id: 8789702838, radiant_match_nw: 1, radiant_score: 13, dire_score: 5, first_blood: radiant} @ https://ru.dltv.org/matches/426307/team-lynx-vs-south-america-rejects-dreamleague-division-2-season-4:5915
[  382600ms] [LOG] {match_id: 8789702838, radiant_match_nw: 1, radiant_score: 13, dire_score: 5, first_blood: radiant} @ https://ru.dltv.org/matches/426307/team-lynx-vs-south-america-rejects-dreamleague-division-2-season-4:5915
[  386578ms] [LOG] {match_id: 8789702838, radiant_match_nw: 1, radiant_score: 13, dire_score: 5, first_blood: radiant} @ https://ru.dltv.org/matches/426307/team-lynx-vs-south-america-rejects-dreamleague-division-2-season-4:5915
[  391055ms] [LOG] {match_id: 8789702838, radiant_match_nw: 1, radiant_score: 13, dire_score: 5, first_blood: radiant} @ https://ru.dltv.org/matches/426307/team-lynx-vs-south-america-rejects-dreamleague-division-2-season-4:5915
[  396086ms] [LOG] {match_id: 8789702838, radiant_match_nw: 1, radiant_score: 14, dire_score: 5, first_blood: radiant} @ https://ru.dltv.org/matches/426307/team-lynx-vs-south-america-rejects-dreamleague-division-2-season-4:5915
[  400242ms] [LOG] {match_id: 8789702838, radiant_match_nw: 1, radiant_score: 14, dire_score: 5, first_blood: radiant} @ https://ru.dltv.org/matches/426307/team-lynx-vs-south-america-rejects-dreamleague-division-2-season-4:5915
[  405845ms] [LOG] {match_id: 8789702838, radiant_match_nw: 1, radiant_score: 14, dire_score: 5, first_blood: radiant} @ https://ru.dltv.org/matches/426307/team-lynx-vs-south-america-rejects-dreamleague-division-2-season-4:5915
[  409854ms] [LOG] {match_id: 8789702838, radiant_match_nw: 1, radiant_score: 14, dire_score: 5, first_blood: radiant} @ https://ru.dltv.org/matches/426307/team-lynx-vs-south-america-rejects-dreamleague-division-2-season-4:5915
[  414824ms] [LOG] {match_id: 8789702838, radiant_match_nw: 1, radiant_score: 14, dire_score: 5, first_blood: radiant} @ https://ru.dltv.org/matches/426307/team-lynx-vs-south-america-rejects-dreamleague-division-2-season-4:5915
[  419969ms] [LOG] {match_id: 8789702838, radiant_match_nw: 1, radiant_score: 14, dire_score: 5, first_blood: radiant} @ https://ru.dltv.org/matches/426307/team-lynx-vs-south-america-rejects-dreamleague-division-2-season-4:5915
[  424971ms] [LOG] {match_id: 8789702838, radiant_match_nw: 1, radiant_score: 14, dire_score: 5, first_blood: radiant} @ https://ru.dltv.org/matches/426307/team-lynx-vs-south-america-rejects-dreamleague-division-2-season-4:5915
[  429001ms] [LOG] {match_id: 8789702838, radiant_match_nw: 1, radiant_score: 14, dire_score: 5, first_blood: radiant} @ https://ru.dltv.org/matches/426307/team-lynx-vs-south-america-rejects-dreamleague-division-2-season-4:5915
[  434615ms] [LOG] {match_id: 8789702838, radiant_match_nw: 1, radiant_score: 14, dire_score: 5, first_blood: radiant} @ https://ru.dltv.org/matches/426307/team-lynx-vs-south-america-rejects-dreamleague-division-2-season-4:5915
[  438113ms] [LOG] {match_id: 8789702838, radiant_match_nw: 1, radiant_score: 14, dire_score: 5, first_blood: radiant} @ https://ru.dltv.org/matches/426307/team-lynx-vs-south-america-rejects-dreamleague-division-2-season-4:5915
[  443220ms] [LOG] {match_id: 8789702838, radiant_match_nw: 1, radiant_score: 14, dire_score: 5, first_blood: radiant} @ https://ru.dltv.org/matches/426307/team-lynx-vs-south-america-rejects-dreamleague-division-2-season-4:5915
[  448772ms] [LOG] {match_id: 8789702838, radiant_match_nw: 1, radiant_score: 14, dire_score: 5, first_blood: radiant} @ https://ru.dltv.org/matches/426307/team-lynx-vs-south-america-rejects-dreamleague-division-2-season-4:5915
[  452284ms] [LOG] {match_id: 8789702838, radiant_match_nw: 1, radiant_score: 14, dire_score: 5, first_blood: radiant} @ https://ru.dltv.org/matches/426307/team-lynx-vs-south-america-rejects-dreamleague-division-2-season-4:5915
[  455162ms] [LOG] {match_id: 8789702838, radiant_match_nw: 1, radiant_score: 15, dire_score: 5, first_blood: radiant} @ https://ru.dltv.org/matches/426307/team-lynx-vs-south-america-rejects-dreamleague-division-2-season-4:5915
[  457290ms] [LOG] {match_id: 8789702838, radiant_match_nw: 1, radiant_score: 15, dire_score: 5, first_blood: radiant} @ https://ru.dltv.org/matches/426307/team-lynx-vs-south-america-rejects-dreamleague-division-2-season-4:5915
[  461767ms] [LOG] {match_id: 8789702838, radiant_match_nw: 1, radiant_score: 15, dire_score: 5, first_blood: radiant} @ https://ru.dltv.org/matches/426307/team-lynx-vs-south-america-rejects-dreamleague-division-2-season-4:5915
[  466347ms] [LOG] {match_id: 8789702838, radiant_match_nw: 1, radiant_score: 15, dire_score: 5, first_blood: radiant} @ https://ru.dltv.org/matches/426307/team-lynx-vs-south-america-rejects-dreamleague-division-2-season-4:5915
[  472380ms] [LOG] {match_id: 8789702838, radiant_match_nw: 1, radiant_score: 15, dire_score: 5, first_blood: radiant} @ https://ru.dltv.org/matches/426307/team-lynx-vs-south-america-rejects-dreamleague-division-2-season-4:5915
[  476451ms] [LOG] {match_id: 8789702838, radiant_match_nw: 1, radiant_score: 15, dire_score: 5, first_blood: radiant} @ https://ru.dltv.org/matches/426307/team-lynx-vs-south-america-rejects-dreamleague-division-2-season-4:5915
[  480957ms] [LOG] {match_id: 8789702838, radiant_match_nw: 1, radiant_score: 15, dire_score: 5, first_blood: radiant} @ https://ru.dltv.org/matches/426307/team-lynx-vs-south-america-rejects-dreamleague-division-2-season-4:5915
[  485915ms] [LOG] {match_id: 8789702838, radiant_match_nw: 1, radiant_score: 15, dire_score: 5, first_blood: radiant} @ https://ru.dltv.org/matches/426307/team-lynx-vs-south-america-rejects-dreamleague-division-2-season-4:5915
[  491481ms] [LOG] {match_id: 8789702838, radiant_match_nw: 1, radiant_score: 15, dire_score: 5, first_blood: radiant} @ https://ru.dltv.org/matches/426307/team-lynx-vs-south-america-rejects-dreamleague-division-2-season-4:5915
[  495540ms] [LOG] {match_id: 8789702838, radiant_match_nw: 1, radiant_score: 15, dire_score: 5, first_blood: radiant} @ https://ru.dltv.org/matches/426307/team-lynx-vs-south-america-rejects-dreamleague-division-2-season-4:5915
[  499705ms] [LOG] {match_id: 8789702838, radiant_match_nw: 1, radiant_score: 15, dire_score: 5, first_blood: radiant} @ https://ru.dltv.org/matches/426307/team-lynx-vs-south-america-rejects-dreamleague-division-2-season-4:5915
[  501585ms] [LOG] {match_id: 8789702838, radiant_match_nw: 1, radiant_score: 15, dire_score: 5, first_blood: radiant} @ https://ru.dltv.org/matches/426307/team-lynx-vs-south-america-rejects-dreamleague-division-2-season-4:5915
[  503754ms] [LOG] {match_id: 8789702838, radiant_match_nw: 1, radiant_score: 15, dire_score: 5, first_blood: radiant} @ https://ru.dltv.org/matches/426307/team-lynx-vs-south-america-rejects-dreamleague-division-2-season-4:5915
[  508313ms] [LOG] {match_id: 8789702838, radiant_match_nw: 1, radiant_score: 15, dire_score: 5, first_blood: radiant} @ https://ru.dltv.org/matches/426307/team-lynx-vs-south-america-rejects-dreamleague-division-2-season-4:5915
[  512859ms] [LOG] {match_id: 8789702838, radiant_match_nw: 1, radiant_score: 15, dire_score: 5, first_blood: radiant} @ https://ru.dltv.org/matches/426307/team-lynx-vs-south-america-rejects-dreamleague-division-2-season-4:5915
[  514276ms] [LOG] {match_id: 8789702838, radiant_match_nw: 1, radiant_score: 16, dire_score: 5, first_blood: radiant} @ https://ru.dltv.org/matches/426307/team-lynx-vs-south-america-rejects-dreamleague-division-2-season-4:5915
[  517483ms] [LOG] {match_id: 8789702838, radiant_match_nw: 1, radiant_score: 16, dire_score: 5, first_blood: radiant} @ https://ru.dltv.org/matches/426307/team-lynx-vs-south-america-rejects-dreamleague-division-2-season-4:5915
[  523488ms] [LOG] {match_id: 8789702838, radiant_match_nw: 1, radiant_score: 16, dire_score: 5, first_blood: radiant} @ https://ru.dltv.org/matches/426307/team-lynx-vs-south-america-rejects-dreamleague-division-2-season-4:5915
[  527477ms] [LOG] {match_id: 8789702838, radiant_match_nw: 1, radiant_score: 16, dire_score: 5, first_blood: radiant} @ https://ru.dltv.org/matches/426307/team-lynx-vs-south-america-rejects-dreamleague-division-2-season-4:5915
[  533529ms] [LOG] {match_id: 8789702838, radiant_match_nw: 1, radiant_score: 16, dire_score: 5, first_blood: radiant} @ https://ru.dltv.org/matches/426307/team-lynx-vs-south-america-rejects-dreamleague-division-2-season-4:5915
[  537626ms] [LOG] {match_id: 8789702838, radiant_match_nw: 1, radiant_score: 16, dire_score: 5, first_blood: radiant} @ https://ru.dltv.org/matches/426307/team-lynx-vs-south-america-rejects-dreamleague-division-2-season-4:5915
[  542217ms] [LOG] {match_id: 8789702838, radiant_match_nw: 1, radiant_score: 16, dire_score: 5, first_blood: radiant} @ https://ru.dltv.org/matches/426307/team-lynx-vs-south-america-rejects-dreamleague-division-2-season-4:5915
[  545776ms] [LOG] {match_id: 8789702838, radiant_match_nw: 1, radiant_score: 16, dire_score: 5, first_blood: radiant} @ https://ru.dltv.org/matches/426307/team-lynx-vs-south-america-rejects-dreamleague-division-2-season-4:5915
[  550931ms] [LOG] {match_id: 8789702838, radiant_match_nw: 1, radiant_score: 16, dire_score: 5, first_blood: radiant} @ https://ru.dltv.org/matches/426307/team-lynx-vs-south-america-rejects-dreamleague-division-2-season-4:5915
[  555778ms] [LOG] {match_id: 8789702838, radiant_match_nw: 1, radiant_score: 16, dire_score: 5, first_blood: radiant} @ https://ru.dltv.org/matches/426307/team-lynx-vs-south-america-rejects-dreamleague-division-2-season-4:5915
[  560910ms] [LOG] {match_id: 8789702838, radiant_match_nw: 1, radiant_score: 16, dire_score: 5, first_blood: radiant} @ https://ru.dltv.org/matches/426307/team-lynx-vs-south-america-rejects-dreamleague-division-2-season-4:5915
[  565275ms] [LOG] {match_id: 8789702838, radiant_match_nw: 1, radiant_score: 16, dire_score: 5, first_blood: radiant} @ https://ru.dltv.org/matches/426307/team-lynx-vs-south-america-rejects-dreamleague-division-2-season-4:5915
[  569831ms] [LOG] {match_id: 8789702838, radiant_match_nw: 1, radiant_score: 16, dire_score: 5, first_blood: radiant} @ https://ru.dltv.org/matches/426307/team-lynx-vs-south-america-rejects-dreamleague-division-2-season-4:5915
[  574817ms] [LOG] {match_id: 8789702838, radiant_match_nw: 1, radiant_score: 19, dire_score: 6, first_blood: radiant} @ https://ru.dltv.org/matches/426307/team-lynx-vs-south-america-rejects-dreamleague-division-2-season-4:5915
[  579007ms] [LOG] {match_id: 8789702838, radiant_match_nw: 1, radiant_score: 19, dire_score: 6, first_blood: radiant} @ https://ru.dltv.org/matches/426307/team-lynx-vs-south-america-rejects-dreamleague-division-2-season-4:5915
[  584359ms] [LOG] {match_id: 8789702838, radiant_match_nw: 1, radiant_score: 19, dire_score: 6, first_blood: radiant} @ https://ru.dltv.org/matches/426307/team-lynx-vs-south-america-rejects-dreamleague-division-2-season-4:5915
[  588505ms] [LOG] {match_id: 8789702838, radiant_match_nw: 1, radiant_score: 19, dire_score: 6, first_blood: radiant} @ https://ru.dltv.org/matches/426307/team-lynx-vs-south-america-rejects-dreamleague-division-2-season-4:5915
[  593018ms] [LOG] {match_id: 8789702838, radiant_match_nw: 1, radiant_score: 19, dire_score: 6, first_blood: radiant} @ https://ru.dltv.org/matches/426307/team-lynx-vs-south-america-rejects-dreamleague-division-2-season-4:5915
[  598487ms] [LOG] {match_id: 8789702838, radiant_match_nw: 1, radiant_score: 19, dire_score: 6, first_blood: radiant} @ https://ru.dltv.org/matches/426307/team-lynx-vs-south-america-rejects-dreamleague-division-2-season-4:5915
[  602549ms] [LOG] {match_id: 8789702838, radiant_match_nw: 1, radiant_score: 19, dire_score: 6, first_blood: radiant} @ https://ru.dltv.org/matches/426307/team-lynx-vs-south-america-rejects-dreamleague-division-2-season-4:5915
[  606606ms] [LOG] {match_id: 8789702838, radiant_match_nw: 1, radiant_score: 19, dire_score: 6, first_blood: radiant} @ https://ru.dltv.org/matches/426307/team-lynx-vs-south-america-rejects-dreamleague-division-2-season-4:5915
[  612745ms] [LOG] {match_id: 8789702838, radiant_match_nw: 1, radiant_score: 19, dire_score: 6, first_blood: radiant} @ https://ru.dltv.org/matches/426307/team-lynx-vs-south-america-rejects-dreamleague-division-2-season-4:5915
[  616753ms] [LOG] {match_id: 8789702838, radiant_match_nw: 1, radiant_score: 19, dire_score: 6, first_blood: radiant} @ https://ru.dltv.org/matches/426307/team-lynx-vs-south-america-rejects-dreamleague-division-2-season-4:5915
[  619639ms] [LOG] {match_id: 8789702838, radiant_match_nw: 1, radiant_score: 19, dire_score: 6, first_blood: radiant} @ https://ru.dltv.org/matches/426307/team-lynx-vs-south-america-rejects-dreamleague-division-2-season-4:5915
[  621286ms] [LOG] {match_id: 8789702838, radiant_match_nw: 1, radiant_score: 19, dire_score: 6, first_blood: radiant} @ https://ru.dltv.org/matches/426307/team-lynx-vs-south-america-rejects-dreamleague-division-2-season-4:5915
[  625793ms] [LOG] {match_id: 8789702838, radiant_match_nw: 1, radiant_score: 19, dire_score: 6, first_blood: radiant} @ https://ru.dltv.org/matches/426307/team-lynx-vs-south-america-rejects-dreamleague-division-2-season-4:5915
[  630762ms] [LOG] {match_id: 8789702838, radiant_match_nw: 1, radiant_score: 19, dire_score: 6, first_blood: radiant} @ https://ru.dltv.org/matches/426307/team-lynx-vs-south-america-rejects-dreamleague-division-2-season-4:5915
[  635318ms] [LOG] {match_id: 8789702838, radiant_match_nw: 1, radiant_score: 20, dire_score: 6, first_blood: radiant} @ https://ru.dltv.org/matches/426307/team-lynx-vs-south-america-rejects-dreamleague-division-2-season-4:5915
[  640271ms] [LOG] {match_id: 8789702838, radiant_match_nw: 1, radiant_score: 20, dire_score: 6, first_blood: radiant} @ https://ru.dltv.org/matches/426307/team-lynx-vs-south-america-rejects-dreamleague-division-2-season-4:5915
[  644296ms] [LOG] {match_id: 8789702838, radiant_match_nw: 1, radiant_score: 20, dire_score: 6, first_blood: radiant} @ https://ru.dltv.org/matches/426307/team-lynx-vs-south-america-rejects-dreamleague-division-2-season-4:5915
[  649299ms] [LOG] {match_id: 8789702838, radiant_match_nw: 1, radiant_score: 20, dire_score: 6, first_blood: radiant} @ https://ru.dltv.org/matches/426307/team-lynx-vs-south-america-rejects-dreamleague-division-2-season-4:5915
[  654410ms] [LOG] {match_id: 8789702838, radiant_match_nw: 1, radiant_score: 20, dire_score: 6, first_blood: radiant} @ https://ru.dltv.org/matches/426307/team-lynx-vs-south-america-rejects-dreamleague-division-2-season-4:5915
[  658413ms] [LOG] {match_id: 8789702838, radiant_match_nw: 1, radiant_score: 20, dire_score: 6, first_blood: radiant} @ https://ru.dltv.org/matches/426307/team-lynx-vs-south-america-rejects-dreamleague-division-2-season-4:5915
[  663390ms] [LOG] {match_id: 8789702838, radiant_match_nw: 1, radiant_score: 20, dire_score: 6, first_blood: radiant} @ https://ru.dltv.org/matches/426307/team-lynx-vs-south-america-rejects-dreamleague-division-2-season-4:5915
[  667937ms] [LOG] {match_id: 8789702838, radiant_match_nw: 1, radiant_score: 20, dire_score: 6, first_blood: radiant} @ https://ru.dltv.org/matches/426307/team-lynx-vs-south-america-rejects-dreamleague-division-2-season-4:5915
[  672977ms] [LOG] {match_id: 8789702838, radiant_match_nw: 1, radiant_score: 20, dire_score: 6, first_blood: radiant} @ https://ru.dltv.org/matches/426307/team-lynx-vs-south-america-rejects-dreamleague-division-2-season-4:5915
[  676963ms] [LOG] {match_id: 8789702838, radiant_match_nw: 1, radiant_score: 20, dire_score: 6, first_blood: radiant} @ https://ru.dltv.org/matches/426307/team-lynx-vs-south-america-rejects-dreamleague-division-2-season-4:5915
[  682479ms] [LOG] {match_id: 8789702838, radiant_match_nw: 1, radiant_score: 20, dire_score: 6, first_blood: radiant} @ https://ru.dltv.org/matches/426307/team-lynx-vs-south-america-rejects-dreamleague-division-2-season-4:5915
[  686515ms] [LOG] {match_id: 8789702838, radiant_match_nw: 1, radiant_score: 20, dire_score: 6, first_blood: radiant} @ https://ru.dltv.org/matches/426307/team-lynx-vs-south-america-rejects-dreamleague-division-2-season-4:5915
[  693521ms] [LOG] {match_id: 8789702838, radiant_match_nw: 1, radiant_score: 20, dire_score: 6, first_blood: radiant} @ https://ru.dltv.org/matches/426307/team-lynx-vs-south-america-rejects-dreamleague-division-2-season-4:5915
[  695978ms] [LOG] {match_id: 8789702838, radiant_match_nw: 1, radiant_score: 21, dire_score: 6, first_blood: radiant} @ https://ru.dltv.org/matches/426307/team-lynx-vs-south-america-rejects-dreamleague-division-2-season-4:5915
[  701511ms] [LOG] {match_id: 8789702838, radiant_match_nw: 1, radiant_score: 21, dire_score: 6, first_blood: radiant} @ https://ru.dltv.org/matches/426307/team-lynx-vs-south-america-rejects-dreamleague-division-2-season-4:5915
[  705516ms] [LOG] {match_id: 8789702838, radiant_match_nw: 1, radiant_score: 21, dire_score: 6, first_blood: radiant} @ https://ru.dltv.org/matches/426307/team-lynx-vs-south-america-rejects-dreamleague-division-2-season-4:5915
[  710509ms] [LOG] {match_id: 8789702838, radiant_match_nw: 1, radiant_score: 21, dire_score: 6, first_blood: radiant} @ https://ru.dltv.org/matches/426307/team-lynx-vs-south-america-rejects-dreamleague-division-2-season-4:5915
[  714482ms] [LOG] {match_id: 8789702838, radiant_match_nw: 1, radiant_score: 21, dire_score: 6, first_blood: radiant} @ https://ru.dltv.org/matches/426307/team-lynx-vs-south-america-rejects-dreamleague-division-2-season-4:5915
[  719498ms] [LOG] {match_id: 8789702838, radiant_match_nw: 1, radiant_score: 21, dire_score: 6, first_blood: radiant} @ https://ru.dltv.org/matches/426307/team-lynx-vs-south-america-rejects-dreamleague-division-2-season-4:5915
[  724040ms] [LOG] {match_id: 8789702838, radiant_match_nw: 1, radiant_score: 21, dire_score: 6, first_blood: radiant} @ https://ru.dltv.org/matches/426307/team-lynx-vs-south-america-rejects-dreamleague-division-2-season-4:5915
[  729473ms] [LOG] {match_id: 8789702838, radiant_match_nw: 1, radiant_score: 21, dire_score: 6, first_blood: radiant} @ https://ru.dltv.org/matches/426307/team-lynx-vs-south-america-rejects-dreamleague-division-2-season-4:5915
[  733475ms] [LOG] {match_id: 8789702838, radiant_match_nw: 1, radiant_score: 21, dire_score: 6, first_blood: radiant} @ https://ru.dltv.org/matches/426307/team-lynx-vs-south-america-rejects-dreamleague-division-2-season-4:5915
[  738533ms] [LOG] {match_id: 8789702838, radiant_match_nw: 1, radiant_score: 21, dire_score: 6, first_blood: radiant} @ https://ru.dltv.org/matches/426307/team-lynx-vs-south-america-rejects-dreamleague-division-2-season-4:5915
[  740408ms] [LOG] {match_id: 8789702838, radiant_match_nw: 1, radiant_score: 21, dire_score: 6, first_blood: radiant} @ https://ru.dltv.org/matches/426307/team-lynx-vs-south-america-rejects-dreamleague-division-2-season-4:5915
[  743101ms] [LOG] {match_id: 8789702838, radiant_match_nw: 1, radiant_score: 21, dire_score: 6, first_blood: radiant} @ https://ru.dltv.org/matches/426307/team-lynx-vs-south-america-rejects-dreamleague-division-2-season-4:5915
[  747706ms] [LOG] {match_id: 8789702838, radiant_match_nw: 1, radiant_score: 21, dire_score: 6, first_blood: radiant} @ https://ru.dltv.org/matches/426307/team-lynx-vs-south-america-rejects-dreamleague-division-2-season-4:5915
[  751744ms] [LOG] {match_id: 8789702838, radiant_match_nw: 1, radiant_score: 21, dire_score: 6, first_blood: radiant} @ https://ru.dltv.org/matches/426307/team-lynx-vs-south-america-rejects-dreamleague-division-2-season-4:5915
[  755108ms] [LOG] {match_id: 8789702838, radiant_match_nw: 1, radiant_score: 22, dire_score: 6, first_blood: radiant} @ https://ru.dltv.org/matches/426307/team-lynx-vs-south-america-rejects-dreamleague-division-2-season-4:5915
[  757387ms] [LOG] {match_id: 8789702838, radiant_match_nw: 1, radiant_score: 22, dire_score: 6, first_blood: radiant} @ https://ru.dltv.org/matches/426307/team-lynx-vs-south-america-rejects-dreamleague-division-2-season-4:5915
[  761395ms] [LOG] {match_id: 8789702838, radiant_match_nw: 1, radiant_score: 22, dire_score: 6, first_blood: radiant} @ https://ru.dltv.org/matches/426307/team-lynx-vs-south-america-rejects-dreamleague-division-2-season-4:5915
[  767396ms] [LOG] {match_id: 8789702838, radiant_match_nw: 1, radiant_score: 22, dire_score: 6, first_blood: radiant} @ https://ru.dltv.org/matches/426307/team-lynx-vs-south-america-rejects-dreamleague-division-2-season-4:5915
[  770963ms] [LOG] {match_id: 8789702838, radiant_match_nw: 1, radiant_score: 22, dire_score: 6, first_blood: radiant} @ https://ru.dltv.org/matches/426307/team-lynx-vs-south-america-rejects-dreamleague-division-2-season-4:5915
[  776396ms] [LOG] {match_id: 8789702838, radiant_match_nw: 1, radiant_score: 22, dire_score: 6, first_blood: radiant} @ https://ru.dltv.org/matches/426307/team-lynx-vs-south-america-rejects-dreamleague-division-2-season-4:5915
[  780985ms] [LOG] {match_id: 8789702838, radiant_match_nw: 1, radiant_score: 22, dire_score: 6, first_blood: radiant} @ https://ru.dltv.org/matches/426307/team-lynx-vs-south-america-rejects-dreamleague-division-2-season-4:5915
[  785330ms] [LOG] {match_id: 8789702838, radiant_match_nw: 1, radiant_score: 22, dire_score: 6, first_blood: radiant} @ https://ru.dltv.org/matches/426307/team-lynx-vs-south-america-rejects-dreamleague-division-2-season-4:5915
[  791437ms] [LOG] {match_id: 8789702838, radiant_match_nw: 1, radiant_score: 22, dire_score: 6, first_blood: radiant} @ https://ru.dltv.org/matches/426307/team-lynx-vs-south-america-rejects-dreamleague-division-2-season-4:5915
[  795454ms] [LOG] {match_id: 8789702838, radiant_match_nw: 1, radiant_score: 22, dire_score: 6, first_blood: radiant} @ https://ru.dltv.org/matches/426307/team-lynx-vs-south-america-rejects-dreamleague-division-2-season-4:5915
[  800596ms] [LOG] {match_id: 8789702838, radiant_match_nw: 1, radiant_score: 22, dire_score: 6, first_blood: radiant} @ https://ru.dltv.org/matches/426307/team-lynx-vs-south-america-rejects-dreamleague-division-2-season-4:5915
[  804283ms] [LOG] {match_id: 8789702838, radiant_match_nw: 1, radiant_score: 22, dire_score: 6, first_blood: radiant} @ https://ru.dltv.org/matches/426307/team-lynx-vs-south-america-rejects-dreamleague-division-2-season-4:5915
[  809574ms] [LOG] {match_id: 8789702838, radiant_match_nw: 1, radiant_score: 22, dire_score: 6, first_blood: radiant} @ https://ru.dltv.org/matches/426307/team-lynx-vs-south-america-rejects-dreamleague-division-2-season-4:5915
[  814613ms] [LOG] {match_id: 8789702838, radiant_match_nw: 1, radiant_score: 22, dire_score: 6, first_blood: radiant} @ https://ru.dltv.org/matches/426307/team-lynx-vs-south-america-rejects-dreamleague-division-2-season-4:5915
[  819817ms] [LOG] {match_id: 8789702838, radiant_match_nw: 1, radiant_score: 22, dire_score: 6, first_blood: radiant} @ https://ru.dltv.org/matches/426307/team-lynx-vs-south-america-rejects-dreamleague-division-2-season-4:5915
[  823714ms] [LOG] {match_id: 8789702838, radiant_match_nw: 1, radiant_score: 22, dire_score: 6, first_blood: radiant} @ https://ru.dltv.org/matches/426307/team-lynx-vs-south-america-rejects-dreamleague-division-2-season-4:5915
[  827747ms] [LOG] {match_id: 8789702838, radiant_match_nw: 1, radiant_score: 22, dire_score: 6, first_blood: radiant} @ https://ru.dltv.org/matches/426307/team-lynx-vs-south-america-rejects-dreamleague-division-2-season-4:5915
[  832845ms] [LOG] {match_id: 8789702838, radiant_match_nw: 1, radiant_score: 22, dire_score: 6, first_blood: radiant} @ https://ru.dltv.org/matches/426307/team-lynx-vs-south-america-rejects-dreamleague-division-2-season-4:5915
[  836741ms] [LOG] {match_id: 8789702838, radiant_match_nw: 1, radiant_score: 22, dire_score: 6, first_blood: radiant} @ https://ru.dltv.org/matches/426307/team-lynx-vs-south-america-rejects-dreamleague-division-2-season-4:5915
[  842266ms] [LOG] {match_id: 8789702838, radiant_match_nw: 1, radiant_score: 22, dire_score: 6, first_blood: radiant} @ https://ru.dltv.org/matches/426307/team-lynx-vs-south-america-rejects-dreamleague-division-2-season-4:5915
[  846712ms] [LOG] {match_id: 8789702838, radiant_match_nw: 1, radiant_score: 22, dire_score: 6, first_blood: radiant} @ https://ru.dltv.org/matches/426307/team-lynx-vs-south-america-rejects-dreamleague-division-2-season-4:5915
[  851723ms] [LOG] {match_id: 8789702838, radiant_match_nw: 1, radiant_score: 22, dire_score: 6, first_blood: radiant} @ https://ru.dltv.org/matches/426307/team-lynx-vs-south-america-rejects-dreamleague-division-2-season-4:5915
[  855773ms] [LOG] {match_id: 8789702838, radiant_match_nw: 1, radiant_score: 22, dire_score: 6, first_blood: radiant} @ https://ru.dltv.org/matches/426307/team-lynx-vs-south-america-rejects-dreamleague-division-2-season-4:5915
[  860854ms] [LOG] {match_id: 8789702838, radiant_match_nw: 1, radiant_score: 22, dire_score: 6, first_blood: radiant} @ https://ru.dltv.org/matches/426307/team-lynx-vs-south-america-rejects-dreamleague-division-2-season-4:5915
[  865441ms] [LOG] {match_id: 8789702838, radiant_match_nw: 1, radiant_score: 22, dire_score: 6, first_blood: radiant} @ https://ru.dltv.org/matches/426307/team-lynx-vs-south-america-rejects-dreamleague-division-2-season-4:5915
[  870054ms] [LOG] {match_id: 8789702838, radiant_match_nw: 1, radiant_score: 22, dire_score: 6, first_blood: radiant} @ https://ru.dltv.org/matches/426307/team-lynx-vs-south-america-rejects-dreamleague-division-2-season-4:5915
[  874153ms] [LOG] {match_id: 8789702838, radiant_match_nw: 1, radiant_score: 22, dire_score: 6, first_blood: radiant} @ https://ru.dltv.org/matches/426307/team-lynx-vs-south-america-rejects-dreamleague-division-2-season-4:5915
[  879274ms] [LOG] {match_id: 8789702838, radiant_match_nw: 1, radiant_score: 22, dire_score: 6, first_blood: radiant} @ https://ru.dltv.org/matches/426307/team-lynx-vs-south-america-rejects-dreamleague-division-2-season-4:5915
[  883877ms] [LOG] {match_id: 8789702838, radiant_match_nw: 1, radiant_score: 22, dire_score: 6, first_blood: radiant} @ https://ru.dltv.org/matches/426307/team-lynx-vs-south-america-rejects-dreamleague-division-2-season-4:5915
[  887871ms] [LOG] {match_id: 8789702838, radiant_match_nw: 1, radiant_score: 22, dire_score: 6, first_blood: radiant} @ https://ru.dltv.org/matches/426307/team-lynx-vs-south-america-rejects-dreamleague-division-2-season-4:5915
[  893392ms] [LOG] {match_id: 8789702838, radiant_match_nw: 1, radiant_score: 22, dire_score: 6, first_blood: radiant} @ https://ru.dltv.org/matches/426307/team-lynx-vs-south-america-rejects-dreamleague-division-2-season-4:5915
[  897065ms] [LOG] {match_id: 8789702838, radiant_match_nw: 1, radiant_score: 22, dire_score: 6, first_blood: radiant} @ https://ru.dltv.org/matches/426307/team-lynx-vs-south-america-rejects-dreamleague-division-2-season-4:5915
[  902719ms] [LOG] {match_id: 8789702838, radiant_match_nw: 1, radiant_score: 22, dire_score: 6, first_blood: radiant} @ https://ru.dltv.org/matches/426307/team-lynx-vs-south-america-rejects-dreamleague-division-2-season-4:5915
[  906684ms] [LOG] {match_id: 8789702838, radiant_match_nw: 1, radiant_score: 22, dire_score: 6, first_blood: radiant} @ https://ru.dltv.org/matches/426307/team-lynx-vs-south-america-rejects-dreamleague-division-2-season-4:5915
[  912717ms] [LOG] {match_id: 8789702838, radiant_match_nw: 1, radiant_score: 22, dire_score: 6, first_blood: radiant} @ https://ru.dltv.org/matches/426307/team-lynx-vs-south-america-rejects-dreamleague-division-2-season-4:5915
[  916642ms] [LOG] {match_id: 8789702838, radiant_match_nw: 1, radiant_score: 22, dire_score: 6, first_blood: radiant} @ https://ru.dltv.org/matches/426307/team-lynx-vs-south-america-rejects-dreamleague-division-2-season-4:5915
[  921248ms] [LOG] {match_id: 8789702838, radiant_match_nw: 1, radiant_score: 22, dire_score: 6, first_blood: radiant} @ https://ru.dltv.org/matches/426307/team-lynx-vs-south-america-rejects-dreamleague-division-2-season-4:5915
[  925343ms] [LOG] {match_id: 8789702838, radiant_match_nw: 1, radiant_score: 22, dire_score: 6, first_blood: radiant} @ https://ru.dltv.org/matches/426307/team-lynx-vs-south-america-rejects-dreamleague-division-2-season-4:5915
[  930470ms] [LOG] {match_id: 8789702838, radiant_match_nw: 1, radiant_score: 22, dire_score: 6, first_blood: radiant} @ https://ru.dltv.org/matches/426307/team-lynx-vs-south-america-rejects-dreamleague-division-2-season-4:5915
[  935547ms] [LOG] {match_id: 8789702838, radiant_match_nw: 1, radiant_score: 22, dire_score: 6, first_blood: radiant} @ https://ru.dltv.org/matches/426307/team-lynx-vs-south-america-rejects-dreamleague-division-2-season-4:5915
[  939524ms] [LOG] {match_id: 8789702838, radiant_match_nw: 1, radiant_score: 22, dire_score: 6, first_blood: radiant} @ https://ru.dltv.org/matches/426307/team-lynx-vs-south-america-rejects-dreamleague-division-2-season-4:5915
[  944570ms] [LOG] {match_id: 8789702838, radiant_match_nw: 1, radiant_score: 22, dire_score: 6, first_blood: radiant} @ https://ru.dltv.org/matches/426307/team-lynx-vs-south-america-rejects-dreamleague-division-2-season-4:5915
[  948584ms] [LOG] {match_id: 8789702838, radiant_match_nw: 1, radiant_score: 22, dire_score: 6, first_blood: radiant} @ https://ru.dltv.org/matches/426307/team-lynx-vs-south-america-rejects-dreamleague-division-2-season-4:5915
[  950444ms] [LOG] {match_id: 8789702838, radiant_match_nw: 1, radiant_score: 22, dire_score: 6, first_blood: radiant} @ https://ru.dltv.org/matches/426307/team-lynx-vs-south-america-rejects-dreamleague-division-2-season-4:5915
[  953083ms] [LOG] {match_id: 8789702838, radiant_match_nw: 1, radiant_score: 22, dire_score: 6, first_blood: radiant} @ https://ru.dltv.org/matches/426307/team-lynx-vs-south-america-rejects-dreamleague-division-2-season-4:5915
[  958626ms] [LOG] {match_id: 8789702838, radiant_match_nw: 1, radiant_score: 22, dire_score: 6, first_blood: radiant} @ https://ru.dltv.org/matches/426307/team-lynx-vs-south-america-rejects-dreamleague-division-2-season-4:5915
[  962581ms] [LOG] {match_id: 8789702838, radiant_match_nw: 1, radiant_score: 22, dire_score: 6, first_blood: radiant} @ https://ru.dltv.org/matches/426307/team-lynx-vs-south-america-rejects-dreamleague-division-2-season-4:5915
[  967688ms] [LOG] {match_id: 8789702838, radiant_match_nw: 1, radiant_score: 22, dire_score: 6, first_blood: radiant} @ https://ru.dltv.org/matches/426307/team-lynx-vs-south-america-rejects-dreamleague-division-2-season-4:5915
[  971674ms] [LOG] {match_id: 8789702838, radiant_match_nw: 1, radiant_score: 22, dire_score: 6, first_blood: radiant} @ https://ru.dltv.org/matches/426307/team-lynx-vs-south-america-rejects-dreamleague-division-2-season-4:5915
[  977368ms] [LOG] {match_id: 8789702838, radiant_match_nw: 1, radiant_score: 22, dire_score: 6, first_blood: radiant} @ https://ru.dltv.org/matches/426307/team-lynx-vs-south-america-rejects-dreamleague-division-2-season-4:5915
[  980239ms] [LOG] {match_id: 8789702838, radiant_match_nw: 1, radiant_score: 22, dire_score: 6, first_blood: radiant} @ https://ru.dltv.org/matches/426307/team-lynx-vs-south-america-rejects-dreamleague-division-2-season-4:5915
[  981853ms] [LOG] {match_id: 8789702838, radiant_match_nw: 1, radiant_score: 22, dire_score: 6, first_blood: radiant} @ https://ru.dltv.org/matches/426307/team-lynx-vs-south-america-rejects-dreamleague-division-2-season-4:5915
[  985857ms] [LOG] {match_id: 8789702838, radiant_match_nw: 1, radiant_score: 22, dire_score: 6, first_blood: radiant} @ https://ru.dltv.org/matches/426307/team-lynx-vs-south-america-rejects-dreamleague-division-2-season-4:5915
[  990876ms] [LOG] {match_id: 8789702838, radiant_match_nw: 1, radiant_score: 22, dire_score: 6, first_blood: radiant} @ https://ru.dltv.org/matches/426307/team-lynx-vs-south-america-rejects-dreamleague-division-2-season-4:5915
[  995358ms] [LOG] {match_id: 8789702838, radiant_match_nw: 1, radiant_score: 22, dire_score: 6, first_blood: radiant} @ https://ru.dltv.org/matches/426307/team-lynx-vs-south-america-rejects-dreamleague-division-2-season-4:5915
[ 1000034ms] [LOG] {match_id: 8789702838, radiant_match_nw: 1, radiant_score: 22, dire_score: 6, first_blood: radiant} @ https://ru.dltv.org/matches/426307/team-lynx-vs-south-america-rejects-dreamleague-division-2-season-4:5915
[ 1005638ms] [LOG] {match_id: 8789702838, radiant_match_nw: 1, radiant_score: 22, dire_score: 6, first_blood: radiant} @ https://ru.dltv.org/matches/426307/team-lynx-vs-south-america-rejects-dreamleague-division-2-season-4:5915
[ 1009744ms] [LOG] {match_id: 8789702838, radiant_match_nw: 1, radiant_score: 23, dire_score: 6, first_blood: radiant} @ https://ru.dltv.org/matches/426307/team-lynx-vs-south-america-rejects-dreamleague-division-2-season-4:5915
[ 1014926ms] [LOG] {match_id: 8789702838, radiant_match_nw: 1, radiant_score: 23, dire_score: 6, first_blood: radiant} @ https://ru.dltv.org/matches/426307/team-lynx-vs-south-america-rejects-dreamleague-division-2-season-4:5915
[ 1018216ms] [LOG] {match_id: 8789702838, radiant_match_nw: 1, radiant_score: 23, dire_score: 6, first_blood: radiant} @ https://ru.dltv.org/matches/426307/team-lynx-vs-south-america-rejects-dreamleague-division-2-season-4:5915
[ 1023948ms] [LOG] {match_id: 8789702838, radiant_match_nw: 1, radiant_score: 23, dire_score: 6, first_blood: radiant} @ https://ru.dltv.org/matches/426307/team-lynx-vs-south-america-rejects-dreamleague-division-2-season-4:5915
[ 1027919ms] [LOG] {match_id: 8789702838, radiant_match_nw: 1, radiant_score: 23, dire_score: 6, first_blood: radiant} @ https://ru.dltv.org/matches/426307/team-lynx-vs-south-america-rejects-dreamleague-division-2-season-4:5915
[ 1033449ms] [LOG] {match_id: 8789702838, radiant_match_nw: 1, radiant_score: 23, dire_score: 6, first_blood: radiant} @ https://ru.dltv.org/matches/426307/team-lynx-vs-south-america-rejects-dreamleague-division-2-season-4:5915
[ 1037510ms] [LOG] {match_id: 8789702838, radiant_match_nw: 1, radiant_score: 23, dire_score: 6, first_blood: radiant} @ https://ru.dltv.org/matches/426307/team-lynx-vs-south-america-rejects-dreamleague-division-2-season-4:5915
[ 1040376ms] [LOG] {match_id: 8789702838, radiant_match_nw: 1, radiant_score: 23, dire_score: 6, first_blood: radiant} @ https://ru.dltv.org/matches/426307/team-lynx-vs-south-america-rejects-dreamleague-division-2-season-4:5915
[ 1042586ms] [LOG] {match_id: 8789702838, radiant_match_nw: 1, radiant_score: 23, dire_score: 6, first_blood: radiant} @ https://ru.dltv.org/matches/426307/team-lynx-vs-south-america-rejects-dreamleague-division-2-season-4:5915
[ 1046545ms] [LOG] {match_id: 8789702838, radiant_match_nw: 1, radiant_score: 23, dire_score: 6, first_blood: radiant} @ https://ru.dltv.org/matches/426307/team-lynx-vs-south-america-rejects-dreamleague-division-2-season-4:5915
[ 1052560ms] [LOG] {match_id: 8789702838, radiant_match_nw: 1, radiant_score: 23, dire_score: 6, first_blood: radiant} @ https://ru.dltv.org/matches/426307/team-lynx-vs-south-america-rejects-dreamleague-division-2-season-4:5915
[ 1056595ms] [LOG] {match_id: 8789702838, radiant_match_nw: 1, radiant_score: 23, dire_score: 6, first_blood: radiant} @ https://ru.dltv.org/matches/426307/team-lynx-vs-south-america-rejects-dreamleague-division-2-season-4:5915
[ 1061551ms] [LOG] {match_id: 8789702838, radiant_match_nw: 1, radiant_score: 23, dire_score: 6, first_blood: radiant} @ https://ru.dltv.org/matches/426307/team-lynx-vs-south-america-rejects-dreamleague-division-2-season-4:5915
[ 1066542ms] [LOG] {match_id: 8789702838, radiant_match_nw: 1, radiant_score: 23, dire_score: 6, first_blood: radiant} @ https://ru.dltv.org/matches/426307/team-lynx-vs-south-america-rejects-dreamleague-division-2-season-4:5915
[ 1069946ms] [LOG] {match_id: 8789702838, radiant_match_nw: 1, radiant_score: 23, dire_score: 8, first_blood: radiant} @ https://ru.dltv.org/matches/426307/team-lynx-vs-south-america-rejects-dreamleague-division-2-season-4:5915
[ 1071543ms] [LOG] {match_id: 8789702838, radiant_match_nw: 1, radiant_score: 23, dire_score: 8, first_blood: radiant} @ https://ru.dltv.org/matches/426307/team-lynx-vs-south-america-rejects-dreamleague-division-2-season-4:5915
[ 1075572ms] [LOG] {match_id: 8789702838, radiant_match_nw: 1, radiant_score: 23, dire_score: 8, first_blood: radiant} @ https://ru.dltv.org/matches/426307/team-lynx-vs-south-america-rejects-dreamleague-division-2-season-4:5915
[ 1080099ms] [LOG] {match_id: 8789702838, radiant_match_nw: 1, radiant_score: 23, dire_score: 8, first_blood: radiant} @ https://ru.dltv.org/matches/426307/team-lynx-vs-south-america-rejects-dreamleague-division-2-season-4:5915
[ 1085694ms] [LOG] {match_id: 8789702838, radiant_match_nw: 1, radiant_score: 23, dire_score: 8, first_blood: radiant} @ https://ru.dltv.org/matches/426307/team-lynx-vs-south-america-rejects-dreamleague-division-2-season-4:5915
[ 1089659ms] [LOG] {match_id: 8789702838, radiant_match_nw: 1, radiant_score: 23, dire_score: 8, first_blood: radiant} @ https://ru.dltv.org/matches/426307/team-lynx-vs-south-america-rejects-dreamleague-division-2-season-4:5915
[ 1094724ms] [LOG] {match_id: 8789702838, radiant_match_nw: 1, radiant_score: 23, dire_score: 8, first_blood: radiant} @ https://ru.dltv.org/matches/426307/team-lynx-vs-south-america-rejects-dreamleague-division-2-season-4:5915
[ 1098205ms] [LOG] {match_id: 8789702838, radiant_match_nw: 1, radiant_score: 23, dire_score: 8, first_blood: radiant} @ https://ru.dltv.org/matches/426307/team-lynx-vs-south-america-rejects-dreamleague-division-2-season-4:5915
[ 1103848ms] [LOG] {match_id: 8789702838, radiant_match_nw: 1, radiant_score: 23, dire_score: 8, first_blood: radiant} @ https://ru.dltv.org/matches/426307/team-lynx-vs-south-america-rejects-dreamleague-division-2-season-4:5915
[ 1108369ms] [LOG] {match_id: 8789702838, radiant_match_nw: 1, radiant_score: 23, dire_score: 8, first_blood: radiant} @ https://ru.dltv.org/matches/426307/team-lynx-vs-south-america-rejects-dreamleague-division-2-season-4:5915
[ 1113342ms] [LOG] {match_id: 8789702838, radiant_match_nw: 1, radiant_score: 23, dire_score: 8, first_blood: radiant} @ https://ru.dltv.org/matches/426307/team-lynx-vs-south-america-rejects-dreamleague-division-2-season-4:5915
[ 1118481ms] [LOG] {match_id: 8789702838, radiant_match_nw: 1, radiant_score: 23, dire_score: 8, first_blood: radiant} @ https://ru.dltv.org/matches/426307/team-lynx-vs-south-america-rejects-dreamleague-division-2-season-4:5915
[ 1122579ms] [LOG] {match_id: 8789702838, radiant_match_nw: 1, radiant_score: 23, dire_score: 8, first_blood: radiant} @ https://ru.dltv.org/matches/426307/team-lynx-vs-south-america-rejects-dreamleague-division-2-season-4:5915
[ 1126681ms] [LOG] {match_id: 8789702838, radiant_match_nw: 1, radiant_score: 23, dire_score: 8, first_blood: radiant} @ https://ru.dltv.org/matches/426307/team-lynx-vs-south-america-rejects-dreamleague-division-2-season-4:5915
[ 1130958ms] [LOG] {match_id: 8789702838, radiant_match_nw: 1, radiant_score: 23, dire_score: 8, first_blood: radiant} @ https://ru.dltv.org/matches/426307/team-lynx-vs-south-america-rejects-dreamleague-division-2-season-4:5915
[ 1136344ms] [LOG] {match_id: 8789702838, radiant_match_nw: 1, radiant_score: 23, dire_score: 8, first_blood: radiant} @ https://ru.dltv.org/matches/426307/team-lynx-vs-south-america-rejects-dreamleague-division-2-season-4:5915
[ 1141467ms] [LOG] {match_id: 8789702838, radiant_match_nw: 1, radiant_score: 23, dire_score: 8, first_blood: radiant} @ https://ru.dltv.org/matches/426307/team-lynx-vs-south-america-rejects-dreamleague-division-2-season-4:5915
[ 1144505ms] [LOG] {match_id: 8789702838, radiant_match_nw: 1, radiant_score: 23, dire_score: 8, first_blood: radiant} @ https://ru.dltv.org/matches/426307/team-lynx-vs-south-america-rejects-dreamleague-division-2-season-4:5915
[ 1149515ms] [LOG] {match_id: 8789702838, radiant_match_nw: 1, radiant_score: 23, dire_score: 8, first_blood: radiant} @ https://ru.dltv.org/matches/426307/team-lynx-vs-south-america-rejects-dreamleague-division-2-season-4:5915
[ 1155617ms] [LOG] {match_id: 8789702838, radiant_match_nw: 1, radiant_score: 23, dire_score: 8, first_blood: radiant} @ https://ru.dltv.org/matches/426307/team-lynx-vs-south-america-rejects-dreamleague-division-2-season-4:5915
[ 1159965ms] [LOG] {match_id: 8789702838, radiant_match_nw: 1, radiant_score: 23, dire_score: 8, first_blood: radiant} @ https://ru.dltv.org/matches/426307/team-lynx-vs-south-america-rejects-dreamleague-division-2-season-4:5915
[ 1164295ms] [LOG] {match_id: 8789702838, radiant_match_nw: 1, radiant_score: 23, dire_score: 8, first_blood: radiant} @ https://ru.dltv.org/matches/426307/team-lynx-vs-south-america-rejects-dreamleague-division-2-season-4:5915
[ 1168236ms] [LOG] {match_id: 8789702838, radiant_match_nw: 1, radiant_score: 23, dire_score: 8, first_blood: radiant} @ https://ru.dltv.org/matches/426307/team-lynx-vs-south-america-rejects-dreamleague-division-2-season-4:5915
[ 1173764ms] [LOG] {match_id: 8789702838, radiant_match_nw: 1, radiant_score: 23, dire_score: 8, first_blood: radiant} @ https://ru.dltv.org/matches/426307/team-lynx-vs-south-america-rejects-dreamleague-division-2-season-4:5915
[ 1177237ms] [LOG] {match_id: 8789702838, radiant_match_nw: 1, radiant_score: 23, dire_score: 8, first_blood: radiant} @ https://ru.dltv.org/matches/426307/team-lynx-vs-south-america-rejects-dreamleague-division-2-season-4:5915
[ 1182281ms] [LOG] {match_id: 8789702838, radiant_match_nw: 1, radiant_score: 23, dire_score: 8, first_blood: radiant} @ https://ru.dltv.org/matches/426307/team-lynx-vs-south-america-rejects-dreamleague-division-2-season-4:5915
[ 1187765ms] [LOG] {match_id: 8789702838, radiant_match_nw: 1, radiant_score: 23, dire_score: 8, first_blood: radiant} @ https://ru.dltv.org/matches/426307/team-lynx-vs-south-america-rejects-dreamleague-division-2-season-4:5915
[ 1191820ms] [LOG] {match_id: 8789702838, radiant_match_nw: 1, radiant_score: 23, dire_score: 8, first_blood: radiant} @ https://ru.dltv.org/matches/426307/team-lynx-vs-south-america-rejects-dreamleague-division-2-season-4:5915
[ 1197005ms] [LOG] {match_id: 8789702838, radiant_match_nw: 1, radiant_score: 23, dire_score: 8, first_blood: radiant} @ https://ru.dltv.org/matches/426307/team-lynx-vs-south-america-rejects-dreamleague-division-2-season-4:5915
[ 1201086ms] [LOG] {match_id: 8789702838, radiant_match_nw: 1, radiant_score: 23, dire_score: 8, first_blood: radiant} @ https://ru.dltv.org/matches/426307/team-lynx-vs-south-america-rejects-dreamleague-division-2-season-4:5915
[ 1205851ms] [LOG] {match_id: 8789702838, radiant_match_nw: 1, radiant_score: 23, dire_score: 8, first_blood: radiant} @ https://ru.dltv.org/matches/426307/team-lynx-vs-south-america-rejects-dreamleague-division-2-season-4:5915
[ 1210359ms] [LOG] {match_id: 8789702838, radiant_match_nw: 1, radiant_score: 23, dire_score: 8, first_blood: radiant} @ https://ru.dltv.org/matches/426307/team-lynx-vs-south-america-rejects-dreamleague-division-2-season-4:5915
[ 1215333ms] [LOG] {match_id: 8789702838, radiant_match_nw: 1, radiant_score: 23, dire_score: 8, first_blood: radiant} @ https://ru.dltv.org/matches/426307/team-lynx-vs-south-america-rejects-dreamleague-division-2-season-4:5915
[ 1220480ms] [LOG] {match_id: 8789702838, radiant_match_nw: 1, radiant_score: 23, dire_score: 8, first_blood: radiant} @ https://ru.dltv.org/matches/426307/team-lynx-vs-south-america-rejects-dreamleague-division-2-season-4:5915
[ 1225069ms] [LOG] {match_id: 8789702838, radiant_match_nw: 1, radiant_score: 23, dire_score: 8, first_blood: radiant} @ https://ru.dltv.org/matches/426307/team-lynx-vs-south-america-rejects-dreamleague-division-2-season-4:5915
[ 1229073ms] [LOG] {match_id: 8789702838, radiant_match_nw: 1, radiant_score: 23, dire_score: 8, first_blood: radiant} @ https://ru.dltv.org/matches/426307/team-lynx-vs-south-america-rejects-dreamleague-division-2-season-4:5915
[ 1234564ms] [LOG] {match_id: 8789702838, radiant_match_nw: 1, radiant_score: 23, dire_score: 8, first_blood: radiant} @ https://ru.dltv.org/matches/426307/team-lynx-vs-south-america-rejects-dreamleague-division-2-season-4:5915
[ 1238650ms] [LOG] {match_id: 8789702838, radiant_match_nw: 1, radiant_score: 23, dire_score: 8, first_blood: radiant} @ https://ru.dltv.org/matches/426307/team-lynx-vs-south-america-rejects-dreamleague-division-2-season-4:5915
[ 1242724ms] [LOG] {match_id: 8789702838, radiant_match_nw: 1, radiant_score: 23, dire_score: 8, first_blood: radiant} @ https://ru.dltv.org/matches/426307/team-lynx-vs-south-america-rejects-dreamleague-division-2-season-4:5915
[ 1247738ms] [LOG] {match_id: 8789702838, radiant_match_nw: 1, radiant_score: 23, dire_score: 8, first_blood: radiant} @ https://ru.dltv.org/matches/426307/team-lynx-vs-south-america-rejects-dreamleague-division-2-season-4:5915
[ 1252758ms] [LOG] {match_id: 8789702838, radiant_match_nw: 1, radiant_score: 23, dire_score: 8, first_blood: radiant} @ https://ru.dltv.org/matches/426307/team-lynx-vs-south-america-rejects-dreamleague-division-2-season-4:5915
[ 1257733ms] [LOG] {match_id: 8789702838, radiant_match_nw: 1, radiant_score: 23, dire_score: 8, first_blood: radiant} @ https://ru.dltv.org/matches/426307/team-lynx-vs-south-america-rejects-dreamleague-division-2-season-4:5915
[ 1262903ms] [LOG] {match_id: 8789702838, radiant_match_nw: 1, radiant_score: 23, dire_score: 8, first_blood: radiant} @ https://ru.dltv.org/matches/426307/team-lynx-vs-south-america-rejects-dreamleague-division-2-season-4:5915
[ 1264311ms] [LOG] {match_id: 8789702838, radiant_match_nw: 1, radiant_score: 24, dire_score: 8, first_blood: radiant} @ https://ru.dltv.org/matches/426307/team-lynx-vs-south-america-rejects-dreamleague-division-2-season-4:5915
[ 1266458ms] [LOG] {match_id: 8789702838, radiant_match_nw: 1, radiant_score: 24, dire_score: 8, first_blood: radiant} @ https://ru.dltv.org/matches/426307/team-lynx-vs-south-america-rejects-dreamleague-division-2-season-4:5915
[ 1271007ms] [LOG] {match_id: 8789702838, radiant_match_nw: 1, radiant_score: 24, dire_score: 8, first_blood: radiant} @ https://ru.dltv.org/matches/426307/team-lynx-vs-south-america-rejects-dreamleague-division-2-season-4:5915
[ 1276569ms] [LOG] {match_id: 8789702838, radiant_match_nw: 1, radiant_score: 24, dire_score: 8, first_blood: radiant} @ https://ru.dltv.org/matches/426307/team-lynx-vs-south-america-rejects-dreamleague-division-2-season-4:5915
[ 1281589ms] [LOG] {match_id: 8789702838, radiant_match_nw: 1, radiant_score: 24, dire_score: 8, first_blood: radiant} @ https://ru.dltv.org/matches/426307/team-lynx-vs-south-america-rejects-dreamleague-division-2-season-4:5915
[ 1285586ms] [LOG] {match_id: 8789702838, radiant_match_nw: 1, radiant_score: 24, dire_score: 8, first_blood: radiant} @ https://ru.dltv.org/matches/426307/team-lynx-vs-south-america-rejects-dreamleague-division-2-season-4:5915
[ 1291581ms] [LOG] {match_id: 8789702838, radiant_match_nw: 1, radiant_score: 24, dire_score: 8, first_blood: radiant} @ https://ru.dltv.org/matches/426307/team-lynx-vs-south-america-rejects-dreamleague-division-2-season-4:5915
[ 1295561ms] [LOG] {match_id: 8789702838, radiant_match_nw: 1, radiant_score: 24, dire_score: 8, first_blood: radiant} @ https://ru.dltv.org/matches/426307/team-lynx-vs-south-america-rejects-dreamleague-division-2-season-4:5915
[ 1300608ms] [LOG] {match_id: 8789702838, radiant_match_nw: 1, radiant_score: 24, dire_score: 8, first_blood: radiant} @ https://ru.dltv.org/matches/426307/team-lynx-vs-south-america-rejects-dreamleague-division-2-season-4:5915
[ 1304626ms] [LOG] {match_id: 8789702838, radiant_match_nw: 1, radiant_score: 24, dire_score: 8, first_blood: radiant} @ https://ru.dltv.org/matches/426307/team-lynx-vs-south-america-rejects-dreamleague-division-2-season-4:5915
[ 1308630ms] [LOG] {match_id: 8789702838, radiant_match_nw: 1, radiant_score: 24, dire_score: 8, first_blood: radiant} @ https://ru.dltv.org/matches/426307/team-lynx-vs-south-america-rejects-dreamleague-division-2-season-4:5915
[ 1314726ms] [LOG] {match_id: 8789702838, radiant_match_nw: 1, radiant_score: 24, dire_score: 8, first_blood: radiant} @ https://ru.dltv.org/matches/426307/team-lynx-vs-south-america-rejects-dreamleague-division-2-season-4:5915
[ 1319302ms] [LOG] {match_id: 8789702838, radiant_match_nw: 1, radiant_score: 24, dire_score: 8, first_blood: radiant} @ https://ru.dltv.org/matches/426307/team-lynx-vs-south-america-rejects-dreamleague-division-2-season-4:5915
[ 1322837ms] [LOG] {match_id: 8789702838, radiant_match_nw: 1, radiant_score: 24, dire_score: 8, first_blood: radiant} @ https://ru.dltv.org/matches/426307/team-lynx-vs-south-america-rejects-dreamleague-division-2-season-4:5915
[ 1324184ms] [LOG] {match_id: 8789702838, radiant_match_nw: 1, radiant_score: 24, dire_score: 8, first_blood: radiant} @ https://ru.dltv.org/matches/426307/team-lynx-vs-south-america-rejects-dreamleague-division-2-season-4:5915
[ 1327791ms] [LOG] {match_id: 8789702838, radiant_match_nw: 1, radiant_score: 24, dire_score: 8, first_blood: radiant} @ https://ru.dltv.org/matches/426307/team-lynx-vs-south-america-rejects-dreamleague-division-2-season-4:5915
[ 1332924ms] [LOG] {match_id: 8789702838, radiant_match_nw: 1, radiant_score: 24, dire_score: 8, first_blood: radiant} @ https://ru.dltv.org/matches/426307/team-lynx-vs-south-america-rejects-dreamleague-division-2-season-4:5915
[ 1337460ms] [LOG] {match_id: 8789702838, radiant_match_nw: 1, radiant_score: 24, dire_score: 8, first_blood: radiant} @ https://ru.dltv.org/matches/426307/team-lynx-vs-south-america-rejects-dreamleague-division-2-season-4:5915
[ 1341985ms] [LOG] {match_id: 8789702838, radiant_match_nw: 1, radiant_score: 24, dire_score: 8, first_blood: radiant} @ https://ru.dltv.org/matches/426307/team-lynx-vs-south-america-rejects-dreamleague-division-2-season-4:5915
[ 1347495ms] [LOG] {match_id: 8789702838, radiant_match_nw: 1, radiant_score: 24, dire_score: 8, first_blood: radiant} @ https://ru.dltv.org/matches/426307/team-lynx-vs-south-america-rejects-dreamleague-division-2-season-4:5915
[ 1351690ms] [LOG] {match_id: 8789702838, radiant_match_nw: 1, radiant_score: 24, dire_score: 8, first_blood: radiant} @ https://ru.dltv.org/matches/426307/team-lynx-vs-south-america-rejects-dreamleague-division-2-season-4:5915
[ 1355188ms] [LOG] {match_id: 8789702838, radiant_match_nw: 1, radiant_score: 24, dire_score: 8, first_blood: radiant} @ https://ru.dltv.org/matches/426307/team-lynx-vs-south-america-rejects-dreamleague-division-2-season-4:5915
[ 1360961ms] [LOG] {match_id: 8789702838, radiant_match_nw: 1, radiant_score: 24, dire_score: 8, first_blood: radiant} @ https://ru.dltv.org/matches/426307/team-lynx-vs-south-america-rejects-dreamleague-division-2-season-4:5915
[ 1364327ms] [LOG] {match_id: 8789702838, radiant_match_nw: 1, radiant_score: 24, dire_score: 8, first_blood: radiant} @ https://ru.dltv.org/matches/426307/team-lynx-vs-south-america-rejects-dreamleague-division-2-season-4:5915
[ 1369375ms] [LOG] {match_id: 8789702838, radiant_match_nw: 1, radiant_score: 24, dire_score: 8, first_blood: radiant} @ https://ru.dltv.org/matches/426307/team-lynx-vs-south-america-rejects-dreamleague-division-2-season-4:5915
[ 1374870ms] [LOG] {match_id: 8789702838, radiant_match_nw: 1, radiant_score: 24, dire_score: 8, first_blood: radiant} @ https://ru.dltv.org/matches/426307/team-lynx-vs-south-america-rejects-dreamleague-division-2-season-4:5915
[ 1378832ms] [LOG] {match_id: 8789702838, radiant_match_nw: 1, radiant_score: 24, dire_score: 8, first_blood: radiant} @ https://ru.dltv.org/matches/426307/team-lynx-vs-south-america-rejects-dreamleague-division-2-season-4:5915
[ 1383370ms] [LOG] {match_id: 8789702838, radiant_match_nw: 1, radiant_score: 24, dire_score: 8, first_blood: radiant} @ https://ru.dltv.org/matches/426307/team-lynx-vs-south-america-rejects-dreamleague-division-2-season-4:5915
[ 1385249ms] [LOG] {match_id: 8789702838, radiant_match_nw: 1, radiant_score: 26, dire_score: 8, first_blood: radiant} @ https://ru.dltv.org/matches/426307/team-lynx-vs-south-america-rejects-dreamleague-division-2-season-4:5915
[ 1388377ms] [LOG] {match_id: 8789702838, radiant_match_nw: 1, radiant_score: 26, dire_score: 8, first_blood: radiant} @ https://ru.dltv.org/matches/426307/team-lynx-vs-south-america-rejects-dreamleague-division-2-season-4:5915
[ 1393387ms] [LOG] {match_id: 8789702838, radiant_match_nw: 1, radiant_score: 26, dire_score: 8, first_blood: radiant} @ https://ru.dltv.org/matches/426307/team-lynx-vs-south-america-rejects-dreamleague-division-2-season-4:5915
[ 1397040ms] [LOG] {match_id: 8789702838, radiant_match_nw: 1, radiant_score: 26, dire_score: 8, first_blood: radiant} @ https://ru.dltv.org/matches/426307/team-lynx-vs-south-america-rejects-dreamleague-division-2-season-4:5915
[ 1399363ms] [LOG] {match_id: 8789702838, radiant_match_nw: 1, radiant_score: 26, dire_score: 8, first_blood: radiant} @ https://ru.dltv.org/matches/426307/team-lynx-vs-south-america-rejects-dreamleague-division-2-season-4:5915
[ 1402406ms] [LOG] {match_id: 8789702838, radiant_match_nw: 1, radiant_score: 26, dire_score: 8, first_blood: radiant} @ https://ru.dltv.org/matches/426307/team-lynx-vs-south-america-rejects-dreamleague-division-2-season-4:5915
[ 1407554ms] [LOG] {match_id: 8789702838, radiant_match_nw: 1, radiant_score: 26, dire_score: 8, first_blood: radiant} @ https://ru.dltv.org/matches/426307/team-lynx-vs-south-america-rejects-dreamleague-division-2-season-4:5915
[ 1411565ms] [LOG] {match_id: 8789702838, radiant_match_nw: 1, radiant_score: 26, dire_score: 8, first_blood: radiant} @ https://ru.dltv.org/matches/426307/team-lynx-vs-south-america-rejects-dreamleague-division-2-season-4:5915
[ 1416077ms] [LOG] {match_id: 8789702838, radiant_match_nw: 1, radiant_score: 26, dire_score: 8, first_blood: radiant} @ https://ru.dltv.org/matches/426307/team-lynx-vs-south-america-rejects-dreamleague-division-2-season-4:5915
[ 1421596ms] [LOG] {match_id: 8789702838, radiant_match_nw: 1, radiant_score: 26, dire_score: 8, first_blood: radiant} @ https://ru.dltv.org/matches/426307/team-lynx-vs-south-america-rejects-dreamleague-division-2-season-4:5915
[ 1426190ms] [LOG] {match_id: 8789702838, radiant_match_nw: 1, radiant_score: 26, dire_score: 8, first_blood: radiant} @ https://ru.dltv.org/matches/426307/team-lynx-vs-south-america-rejects-dreamleague-division-2-season-4:5915
[ 1430767ms] [LOG] {match_id: 8789702838, radiant_match_nw: 1, radiant_score: 26, dire_score: 8, first_blood: radiant} @ https://ru.dltv.org/matches/426307/team-lynx-vs-south-america-rejects-dreamleague-division-2-season-4:5915
[ 1434873ms] [LOG] {match_id: 8789702838, radiant_match_nw: 1, radiant_score: 26, dire_score: 8, first_blood: radiant} @ https://ru.dltv.org/matches/426307/team-lynx-vs-south-america-rejects-dreamleague-division-2-season-4:5915
[ 1440448ms] [LOG] {match_id: 8789702838, radiant_match_nw: 1, radiant_score: 26, dire_score: 8, first_blood: radiant} @ https://ru.dltv.org/matches/426307/team-lynx-vs-south-america-rejects-dreamleague-division-2-season-4:5915
[ 1445435ms] [LOG] {match_id: 8789702838, radiant_match_nw: 1, radiant_score: 28, dire_score: 8, first_blood: radiant} @ https://ru.dltv.org/matches/426307/team-lynx-vs-south-america-rejects-dreamleague-division-2-season-4:5915
[ 1449491ms] [LOG] {match_id: 8789702838, radiant_match_nw: 1, radiant_score: 28, dire_score: 8, first_blood: radiant} @ https://ru.dltv.org/matches/426307/team-lynx-vs-south-america-rejects-dreamleague-division-2-season-4:5915
[ 1454489ms] [LOG] {match_id: 8789702838, radiant_match_nw: 1, radiant_score: 28, dire_score: 8, first_blood: radiant} @ https://ru.dltv.org/matches/426307/team-lynx-vs-south-america-rejects-dreamleague-division-2-season-4:5915
[ 1458981ms] [LOG] {match_id: 8789702838, radiant_match_nw: 1, radiant_score: 28, dire_score: 8, first_blood: radiant} @ https://ru.dltv.org/matches/426307/team-lynx-vs-south-america-rejects-dreamleague-division-2-season-4:5915
[ 1460359ms] [LOG] {match_id: 8789702838, radiant_match_nw: 1, radiant_score: 28, dire_score: 8, first_blood: radiant} @ https://ru.dltv.org/matches/426307/team-lynx-vs-south-america-rejects-dreamleague-division-2-season-4:5915
[ 1464634ms] [LOG] {match_id: 8789702838, radiant_match_nw: 1, radiant_score: 28, dire_score: 8, first_blood: radiant} @ https://ru.dltv.org/matches/426307/team-lynx-vs-south-america-rejects-dreamleague-division-2-season-4:5915
[ 1468687ms] [LOG] {match_id: 8789702838, radiant_match_nw: 1, radiant_score: 28, dire_score: 8, first_blood: radiant} @ https://ru.dltv.org/matches/426307/team-lynx-vs-south-america-rejects-dreamleague-division-2-season-4:5915
[ 1472235ms] [LOG] {match_id: 8789702838, radiant_match_nw: 1, radiant_score: 28, dire_score: 8, first_blood: radiant} @ https://ru.dltv.org/matches/426307/team-lynx-vs-south-america-rejects-dreamleague-division-2-season-4:5915
[ 1478325ms] [LOG] {match_id: 8789702838, radiant_match_nw: 1, radiant_score: 28, dire_score: 8, first_blood: radiant} @ https://ru.dltv.org/matches/426307/team-lynx-vs-south-america-rejects-dreamleague-division-2-season-4:5915
[ 1481797ms] [LOG] {match_id: 8789702838, radiant_match_nw: 1, radiant_score: 28, dire_score: 8, first_blood: radiant} @ https://ru.dltv.org/matches/426307/team-lynx-vs-south-america-rejects-dreamleague-division-2-season-4:5915
[ 1487330ms] [LOG] {match_id: 8789702838, radiant_match_nw: 1, radiant_score: 28, dire_score: 8, first_blood: radiant} @ https://ru.dltv.org/matches/426307/team-lynx-vs-south-america-rejects-dreamleague-division-2-season-4:5915
[ 1491868ms] [LOG] {match_id: 8789702838, radiant_match_nw: 1, radiant_score: 28, dire_score: 8, first_blood: radiant} @ https://ru.dltv.org/matches/426307/team-lynx-vs-south-america-rejects-dreamleague-division-2-season-4:5915
[ 1496463ms] [LOG] {match_id: 8789702838, radiant_match_nw: 1, radiant_score: 28, dire_score: 8, first_blood: radiant} @ https://ru.dltv.org/matches/426307/team-lynx-vs-south-america-rejects-dreamleague-division-2-season-4:5915
[ 1499997ms] [LOG] {match_id: 8789702838, radiant_match_nw: 1, radiant_score: 28, dire_score: 8, first_blood: radiant} @ https://ru.dltv.org/matches/426307/team-lynx-vs-south-america-rejects-dreamleague-division-2-season-4:5915
[ 1504830ms] [LOG] {match_id: 8789702838, radiant_match_nw: 1, radiant_score: 28, dire_score: 8, first_blood: radiant} @ https://ru.dltv.org/matches/426307/team-lynx-vs-south-america-rejects-dreamleague-division-2-season-4:5915
[ 1504996ms] [LOG] {match_id: 8789702838, radiant_match_nw: 1, radiant_score: 32, dire_score: 8, first_blood: radiant} @ https://ru.dltv.org/matches/426307/team-lynx-vs-south-america-rejects-dreamleague-division-2-season-4:5915
[ 1509638ms] [LOG] {match_id: 8789702838, radiant_match_nw: 1, radiant_score: 32, dire_score: 8, first_blood: radiant} @ https://ru.dltv.org/matches/426307/team-lynx-vs-south-america-rejects-dreamleague-division-2-season-4:5915
[ 1514708ms] [LOG] {match_id: 8789702838, radiant_match_nw: 1, radiant_score: 32, dire_score: 8, first_blood: radiant} @ https://ru.dltv.org/matches/426307/team-lynx-vs-south-america-rejects-dreamleague-division-2-season-4:5915
[ 1519306ms] [LOG] {match_id: 8789702838, radiant_match_nw: 1, radiant_score: 32, dire_score: 8, first_blood: radiant} @ https://ru.dltv.org/matches/426307/team-lynx-vs-south-america-rejects-dreamleague-division-2-season-4:5915
[ 1523756ms] [LOG] {match_id: 8789702838, radiant_match_nw: 1, radiant_score: 32, dire_score: 8, first_blood: radiant} @ https://ru.dltv.org/matches/426307/team-lynx-vs-south-america-rejects-dreamleague-division-2-season-4:5915
[ 1529425ms] [LOG] {match_id: 8789702838, radiant_match_nw: 1, radiant_score: 32, dire_score: 8, first_blood: radiant} @ https://ru.dltv.org/matches/426307/team-lynx-vs-south-america-rejects-dreamleague-division-2-season-4:5915
[ 1533427ms] [LOG] {match_id: 8789702838, radiant_match_nw: 1, radiant_score: 32, dire_score: 8, first_blood: radiant} @ https://ru.dltv.org/matches/426307/team-lynx-vs-south-america-rejects-dreamleague-division-2-season-4:5915
[ 1538479ms] [LOG] {match_id: 8789702838, radiant_match_nw: 1, radiant_score: 32, dire_score: 8, first_blood: radiant} @ https://ru.dltv.org/matches/426307/team-lynx-vs-south-america-rejects-dreamleague-division-2-season-4:5915
[ 1542953ms] [LOG] {match_id: 8789702838, radiant_match_nw: 1, radiant_score: 32, dire_score: 8, first_blood: radiant} @ https://ru.dltv.org/matches/426307/team-lynx-vs-south-america-rejects-dreamleague-division-2-season-4:5915
[ 1548557ms] [LOG] {match_id: 8789702838, radiant_match_nw: 1, radiant_score: 32, dire_score: 8, first_blood: radiant} @ https://ru.dltv.org/matches/426307/team-lynx-vs-south-america-rejects-dreamleague-division-2-season-4:5915
[ 1553654ms] [LOG] {match_id: 8789702838, radiant_match_nw: 1, radiant_score: 32, dire_score: 8, first_blood: radiant} @ https://ru.dltv.org/matches/426307/team-lynx-vs-south-america-rejects-dreamleague-division-2-season-4:5915
[ 1554067ms] [LOG] {match_id: 8789702838, radiant_match_nw: 1, winner: radiant, radiant_score: 32, dire_score: 8} @ https://ru.dltv.org/matches/426307/team-lynx-vs-south-america-rejects-dreamleague-division-2-season-4:5915
[ 1554067ms] [LOG] MATCH FINISHED - Winner radiant @ https://ru.dltv.org/matches/426307/team-lynx-vs-south-america-rejects-dreamleague-division-2-season-4:7007
[ 1554230ms] [LOG] {match_id: 8789702838, radiant_match_nw: 1, winner: radiant, radiant_score: 32, dire_score: 8} @ https://ru.dltv.org/matches/426307/team-lynx-vs-south-america-rejects-dreamleague-division-2-season-4:5915
[ 1555913ms] [LOG] {match_id: 8789702838, radiant_match_nw: 1, winner: radiant, radiant_score: 32, dire_score: 8} @ https://ru.dltv.org/matches/426307/team-lynx-vs-south-america-rejects-dreamleague-division-2-season-4:5915
[ 1556059ms] [LOG] {match_id: 8789702838, radiant_match_nw: 1, winner: radiant, radiant_score: 32, dire_score: 8} @ https://ru.dltv.org/matches/426307/team-lynx-vs-south-america-rejects-dreamleague-division-2-season-4:5915
[ 1556571ms] [LOG] {match_id: 8789702838, radiant_match_nw: 1, winner: radiant, radiant_score: 32, dire_score: 8} @ https://ru.dltv.org/matches/426307/team-lynx-vs-south-america-rejects-dreamleague-division-2-season-4:5915
[ 1557661ms] [LOG] {match_id: 8789702838, radiant_match_nw: 1, winner: radiant, radiant_score: 32, dire_score: 8} @ https://ru.dltv.org/matches/426307/team-lynx-vs-south-america-rejects-dreamleague-division-2-season-4:5915
[ 1558118ms] [LOG] {match_id: 8789702838, radiant_match_nw: 1, winner: radiant, radiant_score: 32, dire_score: 8} @ https://ru.dltv.org/matches/426307/team-lynx-vs-south-america-rejects-dreamleague-division-2-season-4:5915
[ 1558219ms] [LOG] {match_id: 8789702838, radiant_match_nw: 1, winner: radiant, radiant_score: 32, dire_score: 8} @ https://ru.dltv.org/matches/426307/team-lynx-vs-south-america-rejects-dreamleague-division-2-season-4:5915
[ 1559961ms] [LOG] {match_id: 8789702838, radiant_match_nw: 1, winner: radiant, radiant_score: 32, dire_score: 8} @ https://ru.dltv.org/matches/426307/team-lynx-vs-south-america-rejects-dreamleague-division-2-season-4:5915
[ 1560059ms] [LOG] {match_id: 8789702838, radiant_match_nw: 1, winner: radiant, radiant_score: 32, dire_score: 8} @ https://ru.dltv.org/matches/426307/team-lynx-vs-south-america-rejects-dreamleague-division-2-season-4:5915
[ 1561359ms] [LOG] {match_id: 8789702838, radiant_match_nw: 1, winner: radiant, radiant_score: 32, dire_score: 8} @ https://ru.dltv.org/matches/426307/team-lynx-vs-south-america-rejects-dreamleague-division-2-season-4:5915
[ 1561497ms] [LOG] {match_id: 8789702838, radiant_match_nw: 1, winner: radiant, radiant_score: 32, dire_score: 8} @ https://ru.dltv.org/matches/426307/team-lynx-vs-south-america-rejects-dreamleague-division-2-season-4:5915
[ 1561543ms] [LOG] {match_id: 8789702838, radiant_match_nw: 1, winner: radiant, radiant_score: 32, dire_score: 8} @ https://ru.dltv.org/matches/426307/team-lynx-vs-south-america-rejects-dreamleague-division-2-season-4:5915
[ 1563119ms] [LOG] {match_id: 8789702838, radiant_match_nw: 1, winner: radiant, radiant_score: 32, dire_score: 8} @ https://ru.dltv.org/matches/426307/team-lynx-vs-south-america-rejects-dreamleague-division-2-season-4:5915
[ 1563165ms] [LOG] {match_id: 8789702838, radiant_match_nw: 1, winner: radiant, radiant_score: 32, dire_score: 8} @ https://ru.dltv.org/matches/426307/team-lynx-vs-south-america-rejects-dreamleague-division-2-season-4:5915
[ 1749981ms] [VERBOSE] [DOM] Input elements should have autocomplete attributes (suggested: "new-password"): (More info: https://goo.gl/9p2vKq) %o @ https://ru.dltv.org/matches/426307/team-lynx-vs-south-america-rejects-dreamleague-division-2-season-4:0
[ 1749981ms] [VERBOSE] [DOM] Input elements should have autocomplete attributes (suggested: "new-password"): (More info: https://goo.gl/9p2vKq) %o @ https://ru.dltv.org/matches/426307/team-lynx-vs-south-america-rejects-dreamleague-division-2-season-4:0
[ 1749981ms] [VERBOSE] [DOM] Input elements should have autocomplete attributes (suggested: "current-password"): (More info: https://goo.gl/9p2vKq) %o @ https://ru.dltv.org/matches/426307/team-lynx-vs-south-america-rejects-dreamleague-division-2-season-4:0
[ 1749981ms] [VERBOSE] [DOM] Input elements should have autocomplete attributes (suggested: "new-password"): (More info: https://goo.gl/9p2vKq) %o @ https://ru.dltv.org/matches/426307/team-lynx-vs-south-america-rejects-dreamleague-division-2-season-4:0
[ 1749981ms] [VERBOSE] [DOM] Input elements should have autocomplete attributes (suggested: "new-password"): (More info: https://goo.gl/9p2vKq) %o @ https://ru.dltv.org/matches/426307/team-lynx-vs-south-america-rejects-dreamleague-division-2-season-4:0
[ 1750115ms] [LOG] {country_id: 151, paris: Array(6), gifts: Array(1), platforms: Array(3), socials: Array(10)} @ https://ru.dltv.org/app.js?t=1776941343333:1
[ 1750267ms] [ERROR] Failed to load resource: the server responded with a status of 404 () @ https://ru.dltv.org/b/83.html:0
